2026-04-09 11:24:01,337 WARN  [org.apache.activemq.artemis.core.server] AMQ222018: AIO was not located on this platform, it will fall back to using pure Java NIO. If your platform is Linux, install LibAIO to enable the AIO journal
2026-04-09 11:24:01,345 WARN  [org.apache.activemq.artemis.core.server] AMQ222269: Please use a fixed value for "journal-pool-files". Default changed per https://issues.apache.org/jira/browse/ARTEMIS-1628
2026-04-09 11:24:01,547 INFO  [org.apache.activemq.artemis.integration.bootstrap] AMQ101000: Starting Apache Artemis Server version 2.53.0
2026-04-09 11:24:01,586 INFO  [org.apache.activemq.artemis.core.server] AMQ221000: Backup message broker is starting with configuration Broker Configuration (clustered=true,journalDirectory=data/journal,bindingsDirectory=data/bindings,largeMessagesDirectory=data/large-messages,pagingDirectory=data/paging)
2026-04-09 11:24:01,616 INFO  [org.apache.activemq.artemis.core.server] AMQ221055: There were too many old replicated folders upon startup, removing C:\Users\vanma\IdeaProjects\orderflow-platform\messaging\artemis\broker-backup\data\bindings\oldreplica.6
2026-04-09 11:24:01,622 INFO  [org.apache.activemq.artemis.core.server] AMQ222162: Moving data directory C:\Users\vanma\IdeaProjects\orderflow-platform\messaging\artemis\broker-backup\data\bindings to C:\Users\vanma\IdeaProjects\orderflow-platform\messaging\artemis\broker-backup\data\bindings\oldreplica.8
2026-04-09 11:24:01,632 INFO  [org.apache.activemq.artemis.core.server] AMQ221055: There were too many old replicated folders upon startup, removing C:\Users\vanma\IdeaProjects\orderflow-platform\messaging\artemis\broker-backup\data\journal\oldreplica.7
2026-04-09 11:24:01,636 INFO  [org.apache.activemq.artemis] AMQ241003: Starting embedded web server
2026-04-09 11:24:01,641 INFO  [org.apache.activemq.artemis.core.server] AMQ222162: Moving data directory C:\Users\vanma\IdeaProjects\orderflow-platform\messaging\artemis\broker-backup\data\journal to C:\Users\vanma\IdeaProjects\orderflow-platform\messaging\artemis\broker-backup\data\journal\oldreplica.9
2026-04-09 11:24:01,717 INFO  [org.apache.activemq.artemis.core.server] AMQ221013: Using NIO Journal
2026-04-09 11:24:01,777 WARN  [org.apache.activemq.artemis.core.server] AMQ222007: Security risk! Apache Artemis is running with the default cluster admin user and default password. Please see the cluster chapter in the Artemis User Guide for instructions on how to change this.
2026-04-09 11:24:01,860 INFO  [org.apache.activemq.artemis.core.server] AMQ221057: Global Max Size is being adjusted to 1/2 of the JVM max size (-Xmx). being defined as 1073741824
2026-04-09 11:24:02,165 INFO  [org.apache.activemq.artemis.core.server] AMQ221043: Protocol module found: [artemis-server]. Adding protocol support for: CORE
2026-04-09 11:24:02,168 INFO  [org.apache.activemq.artemis.core.server] AMQ221043: Protocol module found: [artemis-amqp-protocol]. Adding protocol support for: AMQP
2026-04-09 11:24:02,169 INFO  [org.apache.activemq.artemis.core.server] AMQ221043: Protocol module found: [artemis-hornetq-protocol]. Adding protocol support for: HORNETQ
2026-04-09 11:24:02,171 INFO  [org.apache.activemq.artemis.core.server] AMQ221043: Protocol module found: [artemis-mqtt-protocol]. Adding protocol support for: MQTT
2026-04-09 11:24:02,174 INFO  [org.apache.activemq.artemis.core.server] AMQ221043: Protocol module found: [artemis-openwire-protocol]. Adding protocol support for: OPENWIRE
2026-04-09 11:24:02,175 INFO  [org.apache.activemq.artemis.core.server] AMQ221043: Protocol module found: [artemis-stomp-protocol]. Adding protocol support for: STOMP
2026-04-09 11:24:02,670 INFO  [org.apache.activemq.artemis.core.server] AMQ221109: Apache Artemis Backup Server version 2.53.0 [null] started; waiting for primary to fail before activating
2026-04-09 11:24:02,732 INFO  [io.hawt.HawtioContextListener] Initialising Hawtio services
2026-04-09 11:24:02,742 INFO  [io.hawt.jmx.JmxTreeWatcher] Welcome to Hawtio 4.6.2
2026-04-09 11:24:02,760 INFO  [io.hawt.web.auth.AuthenticationConfiguration] Authentication throttling is enabled
2026-04-09 11:24:02,766 INFO  [io.hawt.web.auth.AuthenticationConfiguration] Starting Hawtio authentication filter, JAAS realm: "activemq" authorized role(s): amq, role principal class names: org.apache.activemq.artemis.spi.core.security.jaas.RolePrincipal
2026-04-09 11:24:02,766 INFO  [io.hawt.web.auth.AuthenticationConfiguration] Looking for OIDC configuration file in: C:\Users\vanma\IdeaProjects\orderflow-platform\messaging\artemis\broker-backup\bin\..\etc/hawtio-oidc.properties
2026-04-09 11:24:02,938 INFO  [io.hawt.web.auth.ClientRouteRedirectFilter] Hawtio ClientRouteRedirectFilter is using 1800 sec. HttpSession timeout
2026-04-09 11:24:03,040 INFO  [org.apache.activemq.artemis] AMQ241001: HTTP Server started at http://localhost:8162
2026-04-09 11:24:03,040 INFO  [org.apache.activemq.artemis] AMQ241002: Artemis Jolokia REST API available at http://localhost:8162/console/jolokia
2026-04-09 11:24:03,040 INFO  [org.apache.activemq.artemis] AMQ241004: Artemis Console available at http://localhost:8162/console
2026-04-09 11:24:03,467 INFO  [org.apache.activemq.artemis.core.server] AMQ221024: Backup server ActiveMQServerImpl::name=backup-broker is synchronized with primary server, nodeID=8559efd9-30df-11f1-8858-0a0027000007.
2026-04-09 11:24:03,478 INFO  [org.apache.activemq.artemis.core.server] AMQ221031: backup announced
2026-04-09 11:32:18,023 INFO  [io.hawt.web.proxy.ProxyServlet] Proxy servlet is disabled
2026-04-09 11:32:18,033 INFO  [io.hawt.web.auth.keycloak.KeycloakServlet] Keycloak integration is disabled
2026-04-09 11:32:18,038 INFO  [io.hawt.web.auth.AuthConfigurationServlet] OpenID Connection integration is disabled
2026-04-09 11:32:24,965 INFO  [io.hawt.web.auth.LoginServlet] Hawtio login is using 1800 sec. HttpSession timeout
2026-04-09 11:32:25,038 INFO  [io.hawt.web.auth.LoginServlet] Logging in user: admin
2026-04-09 11:33:57,666 INFO  [org.apache.activemq.artemis.core.server] AMQ224135: nodeID 8559efd9-30df-11f1-8858-0a0027000007 is closing. Topology update ignored
2026-04-09 11:33:57,671 INFO  [org.apache.activemq.artemis.core.server] AMQ221066: Initiating quorum vote: PrimaryFailoverQuorumVote
2026-04-09 11:33:57,679 INFO  [org.apache.activemq.artemis.core.server] AMQ221084: Requested 0 quorum votes
2026-04-09 11:33:57,681 INFO  [org.apache.activemq.artemis.core.server] AMQ221083: ignoring quorum vote as max cluster size is 1.
2026-04-09 11:33:57,681 INFO  [org.apache.activemq.artemis.core.server] AMQ221071: Failing over based on quorum vote results.
2026-04-09 11:33:57,699 INFO  [org.apache.activemq.artemis.core.client] AMQ214036: Connection closure to localhost/127.0.0.1:61616 has been detected: AMQ219015: The connection was disconnected because of server shutdown [code=DISCONNECTED]
2026-04-09 11:33:57,699 INFO  [org.apache.activemq.artemis.core.client] AMQ214036: Connection closure to localhost/127.0.0.1:61616 has been detected: AMQ219015: The connection was disconnected because of server shutdown [code=DISCONNECTED]
2026-04-09 11:33:57,701 INFO  [org.apache.activemq.artemis.core.server] AMQ221037: ActiveMQServerImpl::name=backup-broker to become 'active'
2026-04-09 11:33:57,801 WARN  [org.apache.activemq.artemis.core.server] AMQ222165: No Dead Letter Address configured for queue demo.queue in AddressSettings
2026-04-09 11:33:57,801 WARN  [org.apache.activemq.artemis.core.server] AMQ222166: No Expiry Address configured for queue demo.queue in AddressSettings
2026-04-09 11:33:57,910 INFO  [org.apache.activemq.artemis.core.server] AMQ221080: Deploying address demo.queue supporting [ANYCAST]
2026-04-09 11:33:57,911 INFO  [org.apache.activemq.artemis.core.server] AMQ221003: Deploying ANYCAST queue demo.queue on address demo.queue
2026-04-09 11:33:58,166 INFO  [org.apache.activemq.artemis.core.server] AMQ221007: Server is now active
2026-04-09 11:33:58,202 INFO  [org.apache.activemq.artemis.core.server] AMQ221020: Started NIO Acceptor at localhost:61617 for protocols [CORE,MQTT,AMQP,HORNETQ,STOMP,OPENWIRE]
2026-04-09 11:35:03,333 INFO  [org.apache.activemq.artemis.core.server] AMQ221025: Replication: sending NIOSequentialFile C:\Users\vanma\IdeaProjects\orderflow-platform\messaging\artemis\broker-backup\data\journal\activemq-data-40.amq (size=10485760) to replica, origin=journal
2026-04-09 11:35:03,637 INFO  [org.apache.activemq.artemis.core.server] AMQ221025: Replication: sending NIOSequentialFile C:\Users\vanma\IdeaProjects\orderflow-platform\messaging\artemis\broker-backup\data\bindings\activemq-bindings-60.bindings (size=1048576) to replica, origin=journal
2026-04-09 11:35:03,646 INFO  [org.apache.activemq.artemis.core.server] AMQ221025: Replication: sending NIOSequentialFile C:\Users\vanma\IdeaProjects\orderflow-platform\messaging\artemis\broker-backup\data\bindings\activemq-bindings-61.bindings (size=1048576) to replica, origin=journal
2026-04-09 11:35:03,657 INFO  [org.apache.activemq.artemis.core.server] AMQ221025: Replication: sending NIOSequentialFile C:\Users\vanma\IdeaProjects\orderflow-platform\messaging\artemis\broker-backup\data\bindings\activemq-bindings-59.bindings (size=1048576) to replica, origin=journal
2026-04-09 11:35:04,102 INFO  [org.apache.activemq.artemis.core.server] AMQ221002: Apache Artemis Message Broker version 2.53.0 [8559efd9-30df-11f1-8858-0a0027000007] stopped, uptime 11 minutes
2026-04-09 11:35:04,103 INFO  [org.apache.activemq.artemis.core.server] AMQ221039: Restarting as replicating backup server after primary restart
2026-04-09 11:35:04,107 INFO  [org.apache.activemq.artemis.core.server] AMQ221000: Backup message broker is starting with configuration Broker Configuration (clustered=true,journalDirectory=data/journal,bindingsDirectory=data/bindings,largeMessagesDirectory=data/large-messages,pagingDirectory=data/paging)
2026-04-09 11:35:04,110 INFO  [org.apache.activemq.artemis.core.server] AMQ221055: There were too many old replicated folders upon startup, removing C:\Users\vanma\IdeaProjects\orderflow-platform\messaging\artemis\broker-backup\data\bindings\oldreplica.7
2026-04-09 11:35:04,120 INFO  [org.apache.activemq.artemis.core.server] AMQ222162: Moving data directory C:\Users\vanma\IdeaProjects\orderflow-platform\messaging\artemis\broker-backup\data\bindings to C:\Users\vanma\IdeaProjects\orderflow-platform\messaging\artemis\broker-backup\data\bindings\oldreplica.9
2026-04-09 11:35:04,127 INFO  [org.apache.activemq.artemis.core.server] AMQ221055: There were too many old replicated folders upon startup, removing C:\Users\vanma\IdeaProjects\orderflow-platform\messaging\artemis\broker-backup\data\journal\oldreplica.8
2026-04-09 11:35:04,138 INFO  [org.apache.activemq.artemis.core.server] AMQ222162: Moving data directory C:\Users\vanma\IdeaProjects\orderflow-platform\messaging\artemis\broker-backup\data\journal to C:\Users\vanma\IdeaProjects\orderflow-platform\messaging\artemis\broker-backup\data\journal\oldreplica.10
2026-04-09 11:35:04,147 INFO  [org.apache.activemq.artemis.core.server] AMQ221013: Using NIO Journal
2026-04-09 11:35:04,149 WARN  [org.apache.activemq.artemis.core.server] AMQ222007: Security risk! Apache Artemis is running with the default cluster admin user and default password. Please see the cluster chapter in the Artemis User Guide for instructions on how to change this.
2026-04-09 11:35:04,151 INFO  [org.apache.activemq.artemis.core.server] AMQ221043: Protocol module found: [artemis-server]. Adding protocol support for: CORE
2026-04-09 11:35:04,160 INFO  [org.apache.activemq.artemis.core.server] AMQ221043: Protocol module found: [artemis-amqp-protocol]. Adding protocol support for: AMQP
2026-04-09 11:35:04,171 INFO  [org.apache.activemq.artemis.core.server] AMQ221043: Protocol module found: [artemis-hornetq-protocol]. Adding protocol support for: HORNETQ
2026-04-09 11:35:04,176 INFO  [org.apache.activemq.artemis.core.server] AMQ221043: Protocol module found: [artemis-mqtt-protocol]. Adding protocol support for: MQTT
2026-04-09 11:35:04,179 INFO  [org.apache.activemq.artemis.core.server] AMQ221043: Protocol module found: [artemis-openwire-protocol]. Adding protocol support for: OPENWIRE
2026-04-09 11:35:04,181 INFO  [org.apache.activemq.artemis.core.server] AMQ221043: Protocol module found: [artemis-stomp-protocol]. Adding protocol support for: STOMP
2026-04-09 11:35:05,184 INFO  [org.apache.activemq.artemis.core.server] AMQ221109: Apache Artemis Backup Server version 2.53.0 [null] started; waiting for primary to fail before activating
2026-04-09 11:35:05,597 INFO  [org.apache.activemq.artemis.core.server] AMQ221024: Backup server ActiveMQServerImpl::name=backup-broker is synchronized with primary server, nodeID=8559efd9-30df-11f1-8858-0a0027000007.
2026-04-09 11:35:05,605 INFO  [org.apache.activemq.artemis.core.server] AMQ221031: backup announced
2026-04-09 11:43:59,741 ERROR [org.apache.activemq.artemis.core.deployers.impl.FileConfigurationParser] cvc-complex-type.2.4.a: Invalid content was found starting with element '{"urn:activemq:core":node-id}'. One of '{"urn:activemq:core":system-property-prefix, "urn:activemq:core":internal-naming-prefix, "urn:activemq:core":amqp-use-core-subscription-naming, "urn:activemq:core":resolve-protocols, "urn:activemq:core":journal-datasync, "urn:activemq:core":large-message-sync, "urn:activemq:core":persistence-enabled, "urn:activemq:core":scheduled-thread-pool-max-size, "urn:activemq:core":thread-pool-max-size, "urn:activemq:core":graceful-shutdown-enabled, "urn:activemq:core":graceful-shutdown-timeout, "urn:activemq:core":security-enabled, "urn:activemq:core":security-invalidation-interval, "urn:activemq:core":authentication-cache-size, "urn:activemq:core":authorization-cache-size, "urn:activemq:core":journal-lock-acquisition-timeout, "urn:activemq:core":wild-card-routing-enabled, "urn:activemq:core":management-address, "urn:activemq:core":management-notification-address, "urn:activemq:core":cluster-user, "urn:activemq:core":cluster-password, "urn:activemq:core":password-codec, "urn:activemq:core":mask-password, "urn:activemq:core":log-delegate-factory-class-name, "urn:activemq:core":jmx-management-enabled, "urn:activemq:core":jmx-notification-enabled, "urn:activemq:core":jmx-domain, "urn:activemq:core":jmx-use-broker-name, "urn:activemq:core":message-counter-enabled, "urn:activemq:core":message-counter-sample-period, "urn:activemq:core":message-counter-max-day-history, "urn:activemq:core":connection-ttl-override, "urn:activemq:core":connection-ttl-check-interval, "urn:activemq:core":configuration-file-refresh-period, "urn:activemq:core":temporary-queue-namespace, "urn:activemq:core":uuid-namespace, "urn:activemq:core":async-connection-execution-enabled, "urn:activemq:core":transaction-timeout, "urn:activemq:core":transaction-timeout-scan-period, "urn:activemq:core":message-expiry-scan-period, "urn:activemq:core":message-expiry-thread-priority, "urn:activemq:core":address-queue-scan-period, "urn:activemq:core":id-cache-size, "urn:activemq:core":persist-id-cache, "urn:activemq:core":remoting-incoming-interceptors, "urn:activemq:core":remoting-outgoing-interceptors, "urn:activemq:core":persist-delivery-count-before-delivery, "urn:activemq:core":max-redelivery-records, "urn:activemq:core":populate-validated-user, "urn:activemq:core":reject-empty-validated-user, "urn:activemq:core":mqtt-session-scan-interval, "urn:activemq:core":mqtt-session-state-persistence-timeout, "urn:activemq:core":mqtt-subscription-persistence-enabled, "urn:activemq:core":connectors, "urn:activemq:core":acceptors, "urn:activemq:core":broadcast-groups, "urn:activemq:core":discovery-groups, "urn:activemq:core":diverts, "urn:activemq:core":queues, "urn:activemq:core":lock-coordinators, "urn:activemq:core":bridges, "urn:activemq:core":federations, "urn:activemq:core":ha-policy, "urn:activemq:core":cluster-connections, "urn:activemq:core":broker-connections, "urn:activemq:core":connection-routers, "urn:activemq:core":grouping-handler, "urn:activemq:core":purge-page-folders, "urn:activemq:core":paging-directory, "urn:activemq:core":bindings-directory, "urn:activemq:core":create-bindings-dir, "urn:activemq:core":page-max-concurrent-io, "urn:activemq:core":read-whole-page, "urn:activemq:core":journal-directory, "urn:activemq:core":journal-retention-directory, "urn:activemq:core":node-manager-lock-directory, "urn:activemq:core":create-journal-dir, "urn:activemq:core":journal-type, "urn:activemq:core":journal-buffer-timeout, "urn:activemq:core":journal-device-block-size, "urn:activemq:core":journal-buffer-size, "urn:activemq:core":journal-sync-transactional, "urn:activemq:core":journal-sync-non-transactional, "urn:activemq:core":log-journal-write-rate, "urn:activemq:core":journal-file-size, "urn:activemq:core":journal-min-files, "urn:activemq:core":journal-pool-files, "urn:activemq:core":journal-compact-percentage, "urn:activemq:core":journal-compact-min-files, "urn:activemq:core":journal-max-io, "urn:activemq:core":journal-file-open-timeout, "urn:activemq:core":server-dump-interval, "urn:activemq:core":global-max-messages, "urn:activemq:core":global-max-size-percent-of-jvm-max-memory, "urn:activemq:core":global-max-size, "urn:activemq:core":max-disk-usage, "urn:activemq:core":min-disk-free, "urn:activemq:core":disk-scan-period, "urn:activemq:core":memory-warning-threshold, "urn:activemq:core":memory-measure-interval, "urn:activemq:core":large-messages-directory, "urn:activemq:core":store, "urn:activemq:core":critical-analyzer, "urn:activemq:core":critical-analyzer-timeout, "urn:activemq:core":critical-analyzer-check-period, "urn:activemq:core":critical-analyzer-policy, "urn:activemq:core":page-sync-timeout, "urn:activemq:core":mirror-ack-manager-queue-attempts, "urn:activemq:core":mirror-ack-manager-page-attempts, "urn:activemq:core":mirror-ack-manager-retry-delay, "urn:activemq:core":mirror-ack-manager-warn-unacked, "urn:activemq:core":mirror-page-transaction, "urn:activemq:core":suppress-session-notifications, "urn:activemq:core":literal-match-markers, "urn:activemq:core":view-permission-method-match-pattern, "urn:activemq:core":management-message-rbac, "urn:activemq:core":management-rbac-prefix, "urn:activemq:core":security-settings, "urn:activemq:core":broker-plugins, "urn:activemq:core":metrics-plugin, "urn:activemq:core":metrics, "urn:activemq:core":address-settings, "urn:activemq:core":resource-limit-settings, "urn:activemq:core":connector-services, "urn:activemq:core":addresses, "urn:activemq:core":network-check-list, "urn:activemq:core":network-check-URL-list, "urn:activemq:core":network-check-period, "urn:activemq:core":network-check-timeout, "urn:activemq:core":network-check-NIC, "urn:activemq:core":network-check-ping-command, "urn:activemq:core":network-check-ping6-command, "urn:activemq:core":wildcard-addresses}' is expected.
org.xml.sax.SAXParseException: cvc-complex-type.2.4.a: Invalid content was found starting with element '{"urn:activemq:core":node-id}'. One of '{"urn:activemq:core":system-property-prefix, "urn:activemq:core":internal-naming-prefix, "urn:activemq:core":amqp-use-core-subscription-naming, "urn:activemq:core":resolve-protocols, "urn:activemq:core":journal-datasync, "urn:activemq:core":large-message-sync, "urn:activemq:core":persistence-enabled, "urn:activemq:core":scheduled-thread-pool-max-size, "urn:activemq:core":thread-pool-max-size, "urn:activemq:core":graceful-shutdown-enabled, "urn:activemq:core":graceful-shutdown-timeout, "urn:activemq:core":security-enabled, "urn:activemq:core":security-invalidation-interval, "urn:activemq:core":authentication-cache-size, "urn:activemq:core":authorization-cache-size, "urn:activemq:core":journal-lock-acquisition-timeout, "urn:activemq:core":wild-card-routing-enabled, "urn:activemq:core":management-address, "urn:activemq:core":management-notification-address, "urn:activemq:core":cluster-user, "urn:activemq:core":cluster-password, "urn:activemq:core":password-codec, "urn:activemq:core":mask-password, "urn:activemq:core":log-delegate-factory-class-name, "urn:activemq:core":jmx-management-enabled, "urn:activemq:core":jmx-notification-enabled, "urn:activemq:core":jmx-domain, "urn:activemq:core":jmx-use-broker-name, "urn:activemq:core":message-counter-enabled, "urn:activemq:core":message-counter-sample-period, "urn:activemq:core":message-counter-max-day-history, "urn:activemq:core":connection-ttl-override, "urn:activemq:core":connection-ttl-check-interval, "urn:activemq:core":configuration-file-refresh-period, "urn:activemq:core":temporary-queue-namespace, "urn:activemq:core":uuid-namespace, "urn:activemq:core":async-connection-execution-enabled, "urn:activemq:core":transaction-timeout, "urn:activemq:core":transaction-timeout-scan-period, "urn:activemq:core":message-expiry-scan-period, "urn:activemq:core":message-expiry-thread-priority, "urn:activemq:core":address-queue-scan-period, "urn:activemq:core":id-cache-size, "urn:activemq:core":persist-id-cache, "urn:activemq:core":remoting-incoming-interceptors, "urn:activemq:core":remoting-outgoing-interceptors, "urn:activemq:core":persist-delivery-count-before-delivery, "urn:activemq:core":max-redelivery-records, "urn:activemq:core":populate-validated-user, "urn:activemq:core":reject-empty-validated-user, "urn:activemq:core":mqtt-session-scan-interval, "urn:activemq:core":mqtt-session-state-persistence-timeout, "urn:activemq:core":mqtt-subscription-persistence-enabled, "urn:activemq:core":connectors, "urn:activemq:core":acceptors, "urn:activemq:core":broadcast-groups, "urn:activemq:core":discovery-groups, "urn:activemq:core":diverts, "urn:activemq:core":queues, "urn:activemq:core":lock-coordinators, "urn:activemq:core":bridges, "urn:activemq:core":federations, "urn:activemq:core":ha-policy, "urn:activemq:core":cluster-connections, "urn:activemq:core":broker-connections, "urn:activemq:core":connection-routers, "urn:activemq:core":grouping-handler, "urn:activemq:core":purge-page-folders, "urn:activemq:core":paging-directory, "urn:activemq:core":bindings-directory, "urn:activemq:core":create-bindings-dir, "urn:activemq:core":page-max-concurrent-io, "urn:activemq:core":read-whole-page, "urn:activemq:core":journal-directory, "urn:activemq:core":journal-retention-directory, "urn:activemq:core":node-manager-lock-directory, "urn:activemq:core":create-journal-dir, "urn:activemq:core":journal-type, "urn:activemq:core":journal-buffer-timeout, "urn:activemq:core":journal-device-block-size, "urn:activemq:core":journal-buffer-size, "urn:activemq:core":journal-sync-transactional, "urn:activemq:core":journal-sync-non-transactional, "urn:activemq:core":log-journal-write-rate, "urn:activemq:core":journal-file-size, "urn:activemq:core":journal-min-files, "urn:activemq:core":journal-pool-files, "urn:activemq:core":journal-compact-percentage, "urn:activemq:core":journal-compact-min-files, "urn:activemq:core":journal-max-io, "urn:activemq:core":journal-file-open-timeout, "urn:activemq:core":server-dump-interval, "urn:activemq:core":global-max-messages, "urn:activemq:core":global-max-size-percent-of-jvm-max-memory, "urn:activemq:core":global-max-size, "urn:activemq:core":max-disk-usage, "urn:activemq:core":min-disk-free, "urn:activemq:core":disk-scan-period, "urn:activemq:core":memory-warning-threshold, "urn:activemq:core":memory-measure-interval, "urn:activemq:core":large-messages-directory, "urn:activemq:core":store, "urn:activemq:core":critical-analyzer, "urn:activemq:core":critical-analyzer-timeout, "urn:activemq:core":critical-analyzer-check-period, "urn:activemq:core":critical-analyzer-policy, "urn:activemq:core":page-sync-timeout, "urn:activemq:core":mirror-ack-manager-queue-attempts, "urn:activemq:core":mirror-ack-manager-page-attempts, "urn:activemq:core":mirror-ack-manager-retry-delay, "urn:activemq:core":mirror-ack-manager-warn-unacked, "urn:activemq:core":mirror-page-transaction, "urn:activemq:core":suppress-session-notifications, "urn:activemq:core":literal-match-markers, "urn:activemq:core":view-permission-method-match-pattern, "urn:activemq:core":management-message-rbac, "urn:activemq:core":management-rbac-prefix, "urn:activemq:core":security-settings, "urn:activemq:core":broker-plugins, "urn:activemq:core":metrics-plugin, "urn:activemq:core":metrics, "urn:activemq:core":address-settings, "urn:activemq:core":resource-limit-settings, "urn:activemq:core":connector-services, "urn:activemq:core":addresses, "urn:activemq:core":network-check-list, "urn:activemq:core":network-check-URL-list, "urn:activemq:core":network-check-period, "urn:activemq:core":network-check-timeout, "urn:activemq:core":network-check-NIC, "urn:activemq:core":network-check-ping-command, "urn:activemq:core":network-check-ping6-command, "urn:activemq:core":wildcard-addresses}' is expected.
	at java.xml/com.sun.org.apache.xerces.internal.util.ErrorHandlerWrapper.createSAXParseException(ErrorHandlerWrapper.java:204)
	at java.xml/com.sun.org.apache.xerces.internal.util.ErrorHandlerWrapper.error(ErrorHandlerWrapper.java:135)
	at java.xml/com.sun.org.apache.xerces.internal.impl.XMLErrorReporter.reportError(XMLErrorReporter.java:396)
	at java.xml/com.sun.org.apache.xerces.internal.impl.XMLErrorReporter.reportError(XMLErrorReporter.java:327)
	at java.xml/com.sun.org.apache.xerces.internal.impl.XMLErrorReporter.reportError(XMLErrorReporter.java:284)
	at java.xml/com.sun.org.apache.xerces.internal.impl.xs.XMLSchemaValidator$XSIErrorReporter.reportError(XMLSchemaValidator.java:512)
	at java.xml/com.sun.org.apache.xerces.internal.impl.xs.XMLSchemaValidator.reportSchemaError(XMLSchemaValidator.java:3596)
	at java.xml/com.sun.org.apache.xerces.internal.impl.xs.XMLSchemaValidator.handleStartElement(XMLSchemaValidator.java:1972)
	at java.xml/com.sun.org.apache.xerces.internal.impl.xs.XMLSchemaValidator.startElement(XMLSchemaValidator.java:830)
	at java.xml/com.sun.org.apache.xerces.internal.jaxp.validation.DOMValidatorHelper.beginNode(DOMValidatorHelper.java:277)
	at java.xml/com.sun.org.apache.xerces.internal.jaxp.validation.DOMValidatorHelper.validate(DOMValidatorHelper.java:244)
	at java.xml/com.sun.org.apache.xerces.internal.jaxp.validation.DOMValidatorHelper.validate(DOMValidatorHelper.java:190)
	at java.xml/com.sun.org.apache.xerces.internal.jaxp.validation.ValidatorImpl.validate(ValidatorImpl.java:108)
	at java.xml/javax.xml.validation.Validator.validate(Validator.java:124)
	at org.apache.activemq.artemis.core.deployers.impl.FileConfigurationParser.parseMainConfig(FileConfigurationParser.java:418)
	at org.apache.activemq.artemis.core.server.impl.ActiveMQServerImpl.reloadConfigurationFile(ActiveMQServerImpl.java:4697)
	at org.apache.activemq.artemis.core.server.impl.ActiveMQServerImpl.lambda$initialisePart1$0(ActiveMQServerImpl.java:3447)
	at org.apache.activemq.artemis.core.server.reload.ReloadManagerImpl$ReloadRegistry.check(ReloadManagerImpl.java:136)
	at org.apache.activemq.artemis.core.server.reload.ReloadManagerImpl.tick(ReloadManagerImpl.java:77)
	at org.apache.activemq.artemis.core.server.reload.ReloadManagerImpl.run(ReloadManagerImpl.java:49)
	at org.apache.activemq.artemis.core.server.ActiveMQScheduledComponent.runForExecutor(ActiveMQScheduledComponent.java:327)
	at org.apache.activemq.artemis.core.server.ActiveMQScheduledComponent.lambda$bookedRunForScheduler$0(ActiveMQScheduledComponent.java:334)
	at org.apache.activemq.artemis.utils.actors.OrderedExecutor.doTask(OrderedExecutor.java:59)
	at org.apache.activemq.artemis.utils.actors.OrderedExecutor.doTask(OrderedExecutor.java:32)
	at org.apache.activemq.artemis.utils.actors.ProcessorBase.executePendingTasks(ProcessorBase.java:69)
	at java.base/java.util.concurrent.ThreadPoolExecutor.runWorker(ThreadPoolExecutor.java:1136)
	at java.base/java.util.concurrent.ThreadPoolExecutor$Worker.run(ThreadPoolExecutor.java:635)
	at org.apache.activemq.artemis.utils.ActiveMQThreadFactory$1.run(ActiveMQThreadFactory.java:120)
2026-04-09 11:43:59,800 WARN  [org.apache.activemq.artemis.core.server] AMQ222269: Please use a fixed value for "journal-pool-files". Default changed per https://issues.apache.org/jira/browse/ARTEMIS-1628
2026-04-09 11:45:14,593 INFO  [org.apache.activemq.artemis.core.server] AMQ224135: nodeID 8559efd9-30df-11f1-8858-0a0027000007 is closing. Topology update ignored
2026-04-09 11:45:14,593 INFO  [org.apache.activemq.artemis.core.server] AMQ221066: Initiating quorum vote: PrimaryFailoverQuorumVote
2026-04-09 11:45:14,597 INFO  [org.apache.activemq.artemis.core.server] AMQ221084: Requested 0 quorum votes
2026-04-09 11:45:14,597 INFO  [org.apache.activemq.artemis.core.client] AMQ214036: Connection closure to localhost/127.0.0.1:61616 has been detected: AMQ219015: The connection was disconnected because of server shutdown [code=DISCONNECTED]
2026-04-09 11:45:14,598 INFO  [org.apache.activemq.artemis.core.server] AMQ221083: ignoring quorum vote as max cluster size is 1.
2026-04-09 11:45:14,593 INFO  [org.apache.activemq.artemis.core.client] AMQ214036: Connection closure to localhost/127.0.0.1:61616 has been detected: AMQ219015: The connection was disconnected because of server shutdown [code=DISCONNECTED]
2026-04-09 11:45:14,598 INFO  [org.apache.activemq.artemis.core.server] AMQ221071: Failing over based on quorum vote results.
2026-04-09 11:45:14,604 INFO  [org.apache.activemq.artemis.core.server] AMQ221037: ActiveMQServerImpl::name=backup-broker to become 'active'
2026-04-09 11:45:14,609 WARN  [org.apache.activemq.artemis.core.client] AMQ212028: error starting server locator
org.apache.activemq.artemis.api.core.ActiveMQIllegalStateException: 
	at org.apache.activemq.artemis.core.client.impl.ServerLocatorImpl.initialize(ServerLocatorImpl.java:271)
	at org.apache.activemq.artemis.core.client.impl.ServerLocatorImpl.start(ServerLocatorImpl.java:505)
	at org.apache.activemq.artemis.core.client.impl.ServerLocatorImpl$StaticConnector$1.connectionFailed(ServerLocatorImpl.java:1777)
	at org.apache.activemq.artemis.core.client.impl.ServerLocatorImpl$StaticConnector$1.connectionFailed(ServerLocatorImpl.java:1789)
	at org.apache.activemq.artemis.spi.core.protocol.AbstractRemotingConnection.callFailureListeners(AbstractRemotingConnection.java:98)
	at org.apache.activemq.artemis.core.protocol.core.impl.RemotingConnectionImpl.fail(RemotingConnectionImpl.java:203)
	at org.apache.activemq.artemis.core.client.impl.ClientSessionFactoryImpl$CloseRunnable.run(ClientSessionFactoryImpl.java:1147)
	at org.apache.activemq.artemis.utils.actors.OrderedExecutor.doTask(OrderedExecutor.java:59)
	at org.apache.activemq.artemis.utils.actors.OrderedExecutor.doTask(OrderedExecutor.java:32)
	at org.apache.activemq.artemis.utils.actors.ProcessorBase.executePendingTasks(ProcessorBase.java:69)
	at java.base/java.util.concurrent.ThreadPoolExecutor.runWorker(ThreadPoolExecutor.java:1136)
	at java.base/java.util.concurrent.ThreadPoolExecutor$Worker.run(ThreadPoolExecutor.java:635)
	at org.apache.activemq.artemis.utils.ActiveMQThreadFactory$1.run(ActiveMQThreadFactory.java:120)
2026-04-09 11:45:14,631 WARN  [org.apache.activemq.artemis.core.server] AMQ222165: No Dead Letter Address configured for queue demo.queue in AddressSettings
2026-04-09 11:45:14,632 WARN  [org.apache.activemq.artemis.core.server] AMQ222166: No Expiry Address configured for queue demo.queue in AddressSettings
2026-04-09 11:45:14,692 INFO  [org.apache.activemq.artemis.core.server] AMQ221080: Deploying address demo.queue supporting [ANYCAST]
2026-04-09 11:45:14,692 INFO  [org.apache.activemq.artemis.core.server] AMQ221003: Deploying ANYCAST queue demo.queue on address demo.queue
2026-04-09 11:45:14,693 INFO  [org.apache.activemq.artemis.core.server] AMQ221056: Reloading configuration: security settings
2026-04-09 11:45:14,693 INFO  [org.apache.activemq.artemis.core.server] AMQ221056: Reloading configuration: address settings
2026-04-09 11:45:14,693 WARN  [org.apache.activemq.artemis.core.server] AMQ222165: No Dead Letter Address configured for queue demo.queue in AddressSettings
2026-04-09 11:45:14,694 WARN  [org.apache.activemq.artemis.core.server] AMQ222166: No Expiry Address configured for queue demo.queue in AddressSettings
2026-04-09 11:45:14,694 INFO  [org.apache.activemq.artemis.core.server] AMQ221056: Reloading configuration: diverts
2026-04-09 11:45:14,695 INFO  [org.apache.activemq.artemis.core.server] AMQ221056: Reloading configuration: addresses
2026-04-09 11:45:14,696 INFO  [org.apache.activemq.artemis.core.server] AMQ221080: Deploying address demo.queue supporting [ANYCAST]
2026-04-09 11:45:14,696 INFO  [org.apache.activemq.artemis.core.server] AMQ221003: Deploying ANYCAST queue demo.queue on address demo.queue
2026-04-09 11:45:14,697 INFO  [org.apache.activemq.artemis.core.server] AMQ221056: Reloading configuration: connection routers
2026-04-09 11:45:14,699 INFO  [org.apache.activemq.artemis.core.server] AMQ221056: Reloading configuration: protocol services
2026-04-09 11:45:14,711 INFO  [org.apache.activemq.artemis.core.server] AMQ221007: Server is now active
2026-04-09 11:45:14,750 INFO  [org.apache.activemq.artemis.core.server] AMQ221020: Started NIO Acceptor at localhost:61617 for protocols [CORE,MQTT,AMQP,HORNETQ,STOMP,OPENWIRE]
2026-04-09 11:45:18,948 INFO  [org.apache.activemq.artemis] AMQ241005: Stopping embedded web server
2026-04-09 11:45:18,955 INFO  [io.hawt.HawtioContextListener] Destroying Hawtio services
2026-04-09 11:45:18,960 INFO  [org.apache.activemq.artemis] AMQ241006: Stopped embedded web server
2026-04-09 11:45:18,961 INFO  [org.apache.activemq.artemis.core.server] AMQ221002: Apache Artemis Message Broker version 2.53.0 [8559efd9-30df-11f1-8858-0a0027000007] stopped, uptime 10 minutes
2026-04-09 11:45:57,576 ERROR [org.apache.activemq.artemis.core.client] AMQ214019: Invalid configuration
org.xml.sax.SAXParseException: cvc-complex-type.2.4.a: Invalid content was found starting with element '{"urn:activemq:core":node-id}'. One of '{"urn:activemq:core":system-property-prefix, "urn:activemq:core":internal-naming-prefix, "urn:activemq:core":amqp-use-core-subscription-naming, "urn:activemq:core":resolve-protocols, "urn:activemq:core":journal-datasync, "urn:activemq:core":large-message-sync, "urn:activemq:core":persistence-enabled, "urn:activemq:core":scheduled-thread-pool-max-size, "urn:activemq:core":thread-pool-max-size, "urn:activemq:core":graceful-shutdown-enabled, "urn:activemq:core":graceful-shutdown-timeout, "urn:activemq:core":security-enabled, "urn:activemq:core":security-invalidation-interval, "urn:activemq:core":authentication-cache-size, "urn:activemq:core":authorization-cache-size, "urn:activemq:core":journal-lock-acquisition-timeout, "urn:activemq:core":wild-card-routing-enabled, "urn:activemq:core":management-address, "urn:activemq:core":management-notification-address, "urn:activemq:core":cluster-user, "urn:activemq:core":cluster-password, "urn:activemq:core":password-codec, "urn:activemq:core":mask-password, "urn:activemq:core":log-delegate-factory-class-name, "urn:activemq:core":jmx-management-enabled, "urn:activemq:core":jmx-notification-enabled, "urn:activemq:core":jmx-domain, "urn:activemq:core":jmx-use-broker-name, "urn:activemq:core":message-counter-enabled, "urn:activemq:core":message-counter-sample-period, "urn:activemq:core":message-counter-max-day-history, "urn:activemq:core":connection-ttl-override, "urn:activemq:core":connection-ttl-check-interval, "urn:activemq:core":configuration-file-refresh-period, "urn:activemq:core":temporary-queue-namespace, "urn:activemq:core":uuid-namespace, "urn:activemq:core":async-connection-execution-enabled, "urn:activemq:core":transaction-timeout, "urn:activemq:core":transaction-timeout-scan-period, "urn:activemq:core":message-expiry-scan-period, "urn:activemq:core":message-expiry-thread-priority, "urn:activemq:core":address-queue-scan-period, "urn:activemq:core":id-cache-size, "urn:activemq:core":persist-id-cache, "urn:activemq:core":remoting-incoming-interceptors, "urn:activemq:core":remoting-outgoing-interceptors, "urn:activemq:core":persist-delivery-count-before-delivery, "urn:activemq:core":max-redelivery-records, "urn:activemq:core":populate-validated-user, "urn:activemq:core":reject-empty-validated-user, "urn:activemq:core":mqtt-session-scan-interval, "urn:activemq:core":mqtt-session-state-persistence-timeout, "urn:activemq:core":mqtt-subscription-persistence-enabled, "urn:activemq:core":connectors, "urn:activemq:core":acceptors, "urn:activemq:core":broadcast-groups, "urn:activemq:core":discovery-groups, "urn:activemq:core":diverts, "urn:activemq:core":queues, "urn:activemq:core":lock-coordinators, "urn:activemq:core":bridges, "urn:activemq:core":federations, "urn:activemq:core":ha-policy, "urn:activemq:core":cluster-connections, "urn:activemq:core":broker-connections, "urn:activemq:core":connection-routers, "urn:activemq:core":grouping-handler, "urn:activemq:core":purge-page-folders, "urn:activemq:core":paging-directory, "urn:activemq:core":bindings-directory, "urn:activemq:core":create-bindings-dir, "urn:activemq:core":page-max-concurrent-io, "urn:activemq:core":read-whole-page, "urn:activemq:core":journal-directory, "urn:activemq:core":journal-retention-directory, "urn:activemq:core":node-manager-lock-directory, "urn:activemq:core":create-journal-dir, "urn:activemq:core":journal-type, "urn:activemq:core":journal-buffer-timeout, "urn:activemq:core":journal-device-block-size, "urn:activemq:core":journal-buffer-size, "urn:activemq:core":journal-sync-transactional, "urn:activemq:core":journal-sync-non-transactional, "urn:activemq:core":log-journal-write-rate, "urn:activemq:core":journal-file-size, "urn:activemq:core":journal-min-files, "urn:activemq:core":journal-pool-files, "urn:activemq:core":journal-compact-percentage, "urn:activemq:core":journal-compact-min-files, "urn:activemq:core":journal-max-io, "urn:activemq:core":journal-file-open-timeout, "urn:activemq:core":server-dump-interval, "urn:activemq:core":global-max-messages, "urn:activemq:core":global-max-size-percent-of-jvm-max-memory, "urn:activemq:core":global-max-size, "urn:activemq:core":max-disk-usage, "urn:activemq:core":min-disk-free, "urn:activemq:core":disk-scan-period, "urn:activemq:core":memory-warning-threshold, "urn:activemq:core":memory-measure-interval, "urn:activemq:core":large-messages-directory, "urn:activemq:core":store, "urn:activemq:core":critical-analyzer, "urn:activemq:core":critical-analyzer-timeout, "urn:activemq:core":critical-analyzer-check-period, "urn:activemq:core":critical-analyzer-policy, "urn:activemq:core":page-sync-timeout, "urn:activemq:core":mirror-ack-manager-queue-attempts, "urn:activemq:core":mirror-ack-manager-page-attempts, "urn:activemq:core":mirror-ack-manager-retry-delay, "urn:activemq:core":mirror-ack-manager-warn-unacked, "urn:activemq:core":mirror-page-transaction, "urn:activemq:core":suppress-session-notifications, "urn:activemq:core":literal-match-markers, "urn:activemq:core":view-permission-method-match-pattern, "urn:activemq:core":management-message-rbac, "urn:activemq:core":management-rbac-prefix, "urn:activemq:core":security-settings, "urn:activemq:core":broker-plugins, "urn:activemq:core":metrics-plugin, "urn:activemq:core":metrics, "urn:activemq:core":address-settings, "urn:activemq:core":resource-limit-settings, "urn:activemq:core":connector-services, "urn:activemq:core":addresses, "urn:activemq:core":network-check-list, "urn:activemq:core":network-check-URL-list, "urn:activemq:core":network-check-period, "urn:activemq:core":network-check-timeout, "urn:activemq:core":network-check-NIC, "urn:activemq:core":network-check-ping-command, "urn:activemq:core":network-check-ping6-command, "urn:activemq:core":wildcard-addresses}' is expected.
	at java.xml/com.sun.org.apache.xerces.internal.util.ErrorHandlerWrapper.createSAXParseException(ErrorHandlerWrapper.java:204)
	at java.xml/com.sun.org.apache.xerces.internal.util.ErrorHandlerWrapper.error(ErrorHandlerWrapper.java:135)
	at java.xml/com.sun.org.apache.xerces.internal.impl.XMLErrorReporter.reportError(XMLErrorReporter.java:396)
	at java.xml/com.sun.org.apache.xerces.internal.impl.XMLErrorReporter.reportError(XMLErrorReporter.java:327)
	at java.xml/com.sun.org.apache.xerces.internal.impl.XMLErrorReporter.reportError(XMLErrorReporter.java:284)
	at java.xml/com.sun.org.apache.xerces.internal.impl.xs.XMLSchemaValidator$XSIErrorReporter.reportError(XMLSchemaValidator.java:512)
	at java.xml/com.sun.org.apache.xerces.internal.impl.xs.XMLSchemaValidator.reportSchemaError(XMLSchemaValidator.java:3596)
	at java.xml/com.sun.org.apache.xerces.internal.impl.xs.XMLSchemaValidator.handleStartElement(XMLSchemaValidator.java:1972)
	at java.xml/com.sun.org.apache.xerces.internal.impl.xs.XMLSchemaValidator.startElement(XMLSchemaValidator.java:830)
	at java.xml/com.sun.org.apache.xerces.internal.jaxp.validation.DOMValidatorHelper.beginNode(DOMValidatorHelper.java:277)
	at java.xml/com.sun.org.apache.xerces.internal.jaxp.validation.DOMValidatorHelper.validate(DOMValidatorHelper.java:244)
	at java.xml/com.sun.org.apache.xerces.internal.jaxp.validation.DOMValidatorHelper.validate(DOMValidatorHelper.java:190)
	at java.xml/com.sun.org.apache.xerces.internal.jaxp.validation.ValidatorImpl.validate(ValidatorImpl.java:108)
	at java.xml/javax.xml.validation.Validator.validate(Validator.java:124)
	at org.apache.activemq.artemis.utils.XMLUtil.validate(XMLUtil.java:371)
	at org.apache.activemq.artemis.core.config.FileDeploymentManager.readConfiguration(FileDeploymentManager.java:80)
	at org.apache.activemq.artemis.integration.FileBroker.createComponents(FileBroker.java:123)
	at org.apache.activemq.artemis.cli.commands.Run.execute(Run.java:122)
	at org.apache.activemq.artemis.cli.Artemis.internalExecute(Artemis.java:223)
	at org.apache.activemq.artemis.cli.Artemis.execute(Artemis.java:171)
	at java.base/jdk.internal.reflect.NativeMethodAccessorImpl.invoke0(Native Method)
	at java.base/jdk.internal.reflect.NativeMethodAccessorImpl.invoke(NativeMethodAccessorImpl.java:77)
	at java.base/jdk.internal.reflect.DelegatingMethodAccessorImpl.invoke(DelegatingMethodAccessorImpl.java:43)
	at java.base/java.lang.reflect.Method.invoke(Method.java:569)
	at org.apache.activemq.artemis.boot.Artemis.execute(Artemis.java:149)
	at org.apache.activemq.artemis.boot.Artemis.main(Artemis.java:61)
2026-04-09 11:52:21,843 WARN  [org.apache.activemq.artemis.core.server] AMQ222018: AIO was not located on this platform, it will fall back to using pure Java NIO. If your platform is Linux, install LibAIO to enable the AIO journal
2026-04-09 11:52:21,851 WARN  [org.apache.activemq.artemis.core.server] AMQ222269: Please use a fixed value for "journal-pool-files". Default changed per https://issues.apache.org/jira/browse/ARTEMIS-1628
2026-04-09 11:52:22,083 INFO  [org.apache.activemq.artemis.integration.bootstrap] AMQ101000: Starting Apache Artemis Server version 2.53.0
2026-04-09 11:52:22,139 INFO  [org.apache.activemq.artemis.core.server] AMQ221000: Backup message broker is starting with configuration Broker Configuration (clustered=true,journalDirectory=data/journal,bindingsDirectory=data/bindings,largeMessagesDirectory=data/large-messages,pagingDirectory=data/paging)
2026-04-09 11:52:22,179 INFO  [org.apache.activemq.artemis.core.server] AMQ221055: There were too many old replicated folders upon startup, removing C:\Users\vanma\IdeaProjects\orderflow-platform\messaging\artemis\broker-backup\data\bindings\oldreplica.8
2026-04-09 11:52:22,185 INFO  [org.apache.activemq.artemis.core.server] AMQ222162: Moving data directory C:\Users\vanma\IdeaProjects\orderflow-platform\messaging\artemis\broker-backup\data\bindings to C:\Users\vanma\IdeaProjects\orderflow-platform\messaging\artemis\broker-backup\data\bindings\oldreplica.10
2026-04-09 11:52:22,202 INFO  [org.apache.activemq.artemis.core.server] AMQ221055: There were too many old replicated folders upon startup, removing C:\Users\vanma\IdeaProjects\orderflow-platform\messaging\artemis\broker-backup\data\journal\oldreplica.9
2026-04-09 11:52:22,205 INFO  [org.apache.activemq.artemis] AMQ241003: Starting embedded web server
2026-04-09 11:52:22,220 INFO  [org.apache.activemq.artemis.core.server] AMQ222162: Moving data directory C:\Users\vanma\IdeaProjects\orderflow-platform\messaging\artemis\broker-backup\data\journal to C:\Users\vanma\IdeaProjects\orderflow-platform\messaging\artemis\broker-backup\data\journal\oldreplica.11
2026-04-09 11:52:22,319 INFO  [org.apache.activemq.artemis.core.server] AMQ221013: Using NIO Journal
2026-04-09 11:52:22,394 WARN  [org.apache.activemq.artemis.core.server] AMQ222007: Security risk! Apache Artemis is running with the default cluster admin user and default password. Please see the cluster chapter in the Artemis User Guide for instructions on how to change this.
2026-04-09 11:52:22,485 INFO  [org.apache.activemq.artemis.core.server] AMQ221057: Global Max Size is being adjusted to 1/2 of the JVM max size (-Xmx). being defined as 1073741824
2026-04-09 11:52:22,818 INFO  [org.apache.activemq.artemis.core.server] AMQ221043: Protocol module found: [artemis-server]. Adding protocol support for: CORE
2026-04-09 11:52:22,822 INFO  [org.apache.activemq.artemis.core.server] AMQ221043: Protocol module found: [artemis-amqp-protocol]. Adding protocol support for: AMQP
2026-04-09 11:52:22,824 INFO  [org.apache.activemq.artemis.core.server] AMQ221043: Protocol module found: [artemis-hornetq-protocol]. Adding protocol support for: HORNETQ
2026-04-09 11:52:22,826 INFO  [org.apache.activemq.artemis.core.server] AMQ221043: Protocol module found: [artemis-mqtt-protocol]. Adding protocol support for: MQTT
2026-04-09 11:52:22,827 INFO  [org.apache.activemq.artemis.core.server] AMQ221043: Protocol module found: [artemis-openwire-protocol]. Adding protocol support for: OPENWIRE
2026-04-09 11:52:22,828 INFO  [org.apache.activemq.artemis.core.server] AMQ221043: Protocol module found: [artemis-stomp-protocol]. Adding protocol support for: STOMP
2026-04-09 11:52:23,421 INFO  [io.hawt.HawtioContextListener] Initialising Hawtio services
2026-04-09 11:52:23,423 INFO  [org.apache.activemq.artemis.core.server] AMQ221109: Apache Artemis Backup Server version 2.53.0 [null] started; waiting for primary to fail before activating
2026-04-09 11:52:23,429 INFO  [io.hawt.jmx.JmxTreeWatcher] Welcome to Hawtio 4.6.2
2026-04-09 11:52:23,448 INFO  [io.hawt.web.auth.AuthenticationConfiguration] Authentication throttling is enabled
2026-04-09 11:52:23,455 INFO  [io.hawt.web.auth.AuthenticationConfiguration] Starting Hawtio authentication filter, JAAS realm: "activemq" authorized role(s): amq, role principal class names: org.apache.activemq.artemis.spi.core.security.jaas.RolePrincipal
2026-04-09 11:52:23,456 INFO  [io.hawt.web.auth.AuthenticationConfiguration] Looking for OIDC configuration file in: C:\Users\vanma\IdeaProjects\orderflow-platform\messaging\artemis\broker-backup\bin\..\etc/hawtio-oidc.properties
2026-04-09 11:52:23,602 INFO  [io.hawt.web.auth.ClientRouteRedirectFilter] Hawtio ClientRouteRedirectFilter is using 1800 sec. HttpSession timeout
2026-04-09 11:52:23,715 INFO  [org.apache.activemq.artemis] AMQ241001: HTTP Server started at http://localhost:8162
2026-04-09 11:52:23,717 INFO  [org.apache.activemq.artemis] AMQ241002: Artemis Jolokia REST API available at http://localhost:8162/console/jolokia
2026-04-09 11:52:23,717 INFO  [org.apache.activemq.artemis] AMQ241004: Artemis Console available at http://localhost:8162/console
2026-04-09 11:52:24,195 INFO  [org.apache.activemq.artemis.core.server] AMQ221024: Backup server ActiveMQServerImpl::name=broker-backup is synchronized with primary server, nodeID=8559efd9-30df-11f1-8858-0a0027000007.
2026-04-09 11:52:24,208 INFO  [org.apache.activemq.artemis.core.server] AMQ221031: backup announced
2026-04-09 11:52:47,312 INFO  [io.hawt.web.proxy.ProxyServlet] Proxy servlet is disabled
2026-04-09 11:52:47,321 INFO  [io.hawt.web.auth.keycloak.KeycloakServlet] Keycloak integration is disabled
2026-04-09 11:52:47,327 INFO  [io.hawt.web.auth.AuthConfigurationServlet] OpenID Connection integration is disabled
2026-04-09 11:52:56,764 INFO  [io.hawt.web.auth.LoginServlet] Hawtio login is using 1800 sec. HttpSession timeout
2026-04-09 11:52:56,843 INFO  [io.hawt.web.auth.LoginServlet] Logging in user: admin
2026-04-09 11:54:14,927 INFO  [org.apache.activemq.artemis] AMQ241005: Stopping embedded web server
2026-04-09 11:54:14,936 INFO  [io.hawt.HawtioContextListener] Destroying Hawtio services
2026-04-09 11:54:14,943 INFO  [org.apache.activemq.artemis] AMQ241006: Stopped embedded web server
2026-04-09 11:54:14,943 INFO  [org.apache.activemq.artemis.core.server] AMQ221002: Apache Artemis Message Broker version 2.53.0 [8559efd9-30df-11f1-8858-0a0027000007] stopped, uptime 1 minute
2026-04-09 11:55:36,584 WARN  [org.apache.activemq.artemis.core.server] AMQ222018: AIO was not located on this platform, it will fall back to using pure Java NIO. If your platform is Linux, install LibAIO to enable the AIO journal
2026-04-09 11:55:36,595 WARN  [org.apache.activemq.artemis.core.server] AMQ222269: Please use a fixed value for "journal-pool-files". Default changed per https://issues.apache.org/jira/browse/ARTEMIS-1628
2026-04-09 11:55:36,867 INFO  [org.apache.activemq.artemis.integration.bootstrap] AMQ101000: Starting Apache Artemis Server version 2.53.0
2026-04-09 11:55:36,920 INFO  [org.apache.activemq.artemis.core.server] AMQ221000: Backup message broker is starting with configuration Broker Configuration (clustered=true,journalDirectory=data/journal,bindingsDirectory=data/bindings,largeMessagesDirectory=data/large-messages,pagingDirectory=data/paging)
2026-04-09 11:55:36,997 INFO  [org.apache.activemq.artemis.core.server] AMQ221055: There were too many old replicated folders upon startup, removing C:\Users\vanma\IdeaProjects\orderflow-platform\messaging\artemis\broker-backup\data\bindings\oldreplica.9
2026-04-09 11:55:37,017 INFO  [org.apache.activemq.artemis] AMQ241003: Starting embedded web server
2026-04-09 11:55:37,047 INFO  [org.apache.activemq.artemis.core.server] AMQ222162: Moving data directory C:\Users\vanma\IdeaProjects\orderflow-platform\messaging\artemis\broker-backup\data\bindings to C:\Users\vanma\IdeaProjects\orderflow-platform\messaging\artemis\broker-backup\data\bindings\oldreplica.11
2026-04-09 11:55:37,072 INFO  [org.apache.activemq.artemis.core.server] AMQ221055: There were too many old replicated folders upon startup, removing C:\Users\vanma\IdeaProjects\orderflow-platform\messaging\artemis\broker-backup\data\journal\oldreplica.10
2026-04-09 11:55:37,091 INFO  [org.apache.activemq.artemis.core.server] AMQ222162: Moving data directory C:\Users\vanma\IdeaProjects\orderflow-platform\messaging\artemis\broker-backup\data\journal to C:\Users\vanma\IdeaProjects\orderflow-platform\messaging\artemis\broker-backup\data\journal\oldreplica.12
2026-04-09 11:55:37,319 INFO  [org.apache.activemq.artemis.core.server] AMQ221013: Using NIO Journal
2026-04-09 11:55:37,500 WARN  [org.apache.activemq.artemis.core.server] AMQ222007: Security risk! Apache Artemis is running with the default cluster admin user and default password. Please see the cluster chapter in the Artemis User Guide for instructions on how to change this.
2026-04-09 11:55:37,765 INFO  [org.apache.activemq.artemis.core.server] AMQ221057: Global Max Size is being adjusted to 1/2 of the JVM max size (-Xmx). being defined as 1073741824
2026-04-09 11:55:38,815 INFO  [org.apache.activemq.artemis.core.server] AMQ221043: Protocol module found: [artemis-server]. Adding protocol support for: CORE
2026-04-09 11:55:38,817 INFO  [org.apache.activemq.artemis.core.server] AMQ221043: Protocol module found: [artemis-amqp-protocol]. Adding protocol support for: AMQP
2026-04-09 11:55:38,821 INFO  [org.apache.activemq.artemis.core.server] AMQ221043: Protocol module found: [artemis-hornetq-protocol]. Adding protocol support for: HORNETQ
2026-04-09 11:55:38,825 INFO  [org.apache.activemq.artemis.core.server] AMQ221043: Protocol module found: [artemis-mqtt-protocol]. Adding protocol support for: MQTT
2026-04-09 11:55:38,834 INFO  [org.apache.activemq.artemis.core.server] AMQ221043: Protocol module found: [artemis-openwire-protocol]. Adding protocol support for: OPENWIRE
2026-04-09 11:55:38,839 INFO  [org.apache.activemq.artemis.core.server] AMQ221043: Protocol module found: [artemis-stomp-protocol]. Adding protocol support for: STOMP
2026-04-09 11:55:39,234 INFO  [io.hawt.HawtioContextListener] Initialising Hawtio services
2026-04-09 11:55:39,245 INFO  [io.hawt.jmx.JmxTreeWatcher] Welcome to Hawtio 4.6.2
2026-04-09 11:55:39,268 INFO  [io.hawt.web.auth.AuthenticationConfiguration] Authentication throttling is enabled
2026-04-09 11:55:39,275 INFO  [io.hawt.web.auth.AuthenticationConfiguration] Starting Hawtio authentication filter, JAAS realm: "activemq" authorized role(s): amq, role principal class names: org.apache.activemq.artemis.spi.core.security.jaas.RolePrincipal
2026-04-09 11:55:39,277 INFO  [io.hawt.web.auth.AuthenticationConfiguration] Looking for OIDC configuration file in: C:\Users\vanma\IdeaProjects\orderflow-platform\messaging\artemis\broker-backup\bin\..\etc/hawtio-oidc.properties
2026-04-09 11:55:39,407 INFO  [io.hawt.web.auth.ClientRouteRedirectFilter] Hawtio ClientRouteRedirectFilter is using 1800 sec. HttpSession timeout
2026-04-09 11:55:39,530 INFO  [org.apache.activemq.artemis] AMQ241001: HTTP Server started at http://localhost:8162
2026-04-09 11:55:39,530 INFO  [org.apache.activemq.artemis] AMQ241002: Artemis Jolokia REST API available at http://localhost:8162/console/jolokia
2026-04-09 11:55:39,531 INFO  [org.apache.activemq.artemis] AMQ241004: Artemis Console available at http://localhost:8162/console
2026-04-09 11:55:39,574 INFO  [org.apache.activemq.artemis.core.server] AMQ221109: Apache Artemis Backup Server version 2.53.0 [null] started; waiting for primary to fail before activating
2026-04-09 11:55:40,465 INFO  [org.apache.activemq.artemis.core.server] AMQ221024: Backup server ActiveMQServerImpl::name=broker-backup is synchronized with primary server, nodeID=8559efd9-30df-11f1-8858-0a0027000007.
2026-04-09 11:55:40,487 INFO  [org.apache.activemq.artemis.core.server] AMQ221031: backup announced
2026-04-09 11:55:46,989 INFO  [io.hawt.web.proxy.ProxyServlet] Proxy servlet is disabled
2026-04-09 11:55:47,030 INFO  [io.hawt.web.auth.keycloak.KeycloakServlet] Keycloak integration is disabled
2026-04-09 11:55:47,035 INFO  [io.hawt.web.auth.AuthConfigurationServlet] OpenID Connection integration is disabled
2026-04-09 11:55:55,797 INFO  [io.hawt.web.auth.LoginServlet] Hawtio login is using 1800 sec. HttpSession timeout
2026-04-09 11:55:55,876 INFO  [io.hawt.web.auth.LoginServlet] Logging in user: admin
2026-04-09 11:58:04,064 INFO  [org.apache.activemq.artemis] AMQ241005: Stopping embedded web server
2026-04-09 11:58:04,075 INFO  [io.hawt.HawtioContextListener] Destroying Hawtio services
2026-04-09 11:58:04,080 INFO  [org.apache.activemq.artemis] AMQ241006: Stopped embedded web server
2026-04-09 11:58:04,080 INFO  [org.apache.activemq.artemis.core.server] AMQ221002: Apache Artemis Message Broker version 2.53.0 [8559efd9-30df-11f1-8858-0a0027000007] stopped, uptime 2 minutes
