2026-04-09 11:23:38,428 WARN  [org.apache.activemq.artemis.core.server] AMQ222018: AIO was not located on this platform, it will fall back to using pure Java NIO. If your platform is Linux, install LibAIO to enable the AIO journal
2026-04-09 11:23:38,435 WARN  [org.apache.activemq.artemis.core.server] AMQ222269: Please use a fixed value for "journal-pool-files". Default changed per https://issues.apache.org/jira/browse/ARTEMIS-1628
2026-04-09 11:23:38,607 INFO  [org.apache.activemq.artemis.integration.bootstrap] AMQ101000: Starting Apache Artemis Server version 2.53.0
2026-04-09 11:23:38,644 INFO  [org.apache.activemq.artemis.core.server] AMQ221000: Primary message broker is starting with configuration Broker Configuration (clustered=true,journalDirectory=data/journal,bindingsDirectory=data/bindings,largeMessagesDirectory=data/large-messages,pagingDirectory=data/paging)
2026-04-09 11:23:41,288 INFO  [org.apache.activemq.artemis.core.server] AMQ221013: Using NIO Journal
2026-04-09 11:23:41,311 WARN  [org.apache.activemq.artemis.core.server] AMQ222007: Security risk! Apache Artemis is running with the default cluster admin user and default password. Please see the cluster chapter in the Artemis User Guide for instructions on how to change this.
2026-04-09 11:23:41,351 INFO  [org.apache.activemq.artemis.core.server] AMQ221057: Global Max Size is being adjusted to 1/2 of the JVM max size (-Xmx). being defined as 1073741824
2026-04-09 11:23:41,402 INFO  [org.apache.activemq.artemis.core.server] AMQ221043: Protocol module found: [artemis-server]. Adding protocol support for: CORE
2026-04-09 11:23:41,404 INFO  [org.apache.activemq.artemis.core.server] AMQ221043: Protocol module found: [artemis-amqp-protocol]. Adding protocol support for: AMQP
2026-04-09 11:23:41,405 INFO  [org.apache.activemq.artemis.core.server] AMQ221043: Protocol module found: [artemis-hornetq-protocol]. Adding protocol support for: HORNETQ
2026-04-09 11:23:41,405 INFO  [org.apache.activemq.artemis.core.server] AMQ221043: Protocol module found: [artemis-mqtt-protocol]. Adding protocol support for: MQTT
2026-04-09 11:23:41,406 INFO  [org.apache.activemq.artemis.core.server] AMQ221043: Protocol module found: [artemis-openwire-protocol]. Adding protocol support for: OPENWIRE
2026-04-09 11:23:41,407 INFO  [org.apache.activemq.artemis.core.server] AMQ221043: Protocol module found: [artemis-stomp-protocol]. Adding protocol support for: STOMP
2026-04-09 11:23:41,619 WARN  [org.apache.activemq.artemis.core.server] AMQ222165: No Dead Letter Address configured for queue demo.queue in AddressSettings
2026-04-09 11:23:41,620 WARN  [org.apache.activemq.artemis.core.server] AMQ222166: No Expiry Address configured for queue demo.queue in AddressSettings
2026-04-09 11:23:41,708 INFO  [org.apache.activemq.artemis.core.server] AMQ221080: Deploying address demo.queue supporting [ANYCAST]
2026-04-09 11:23:41,709 INFO  [org.apache.activemq.artemis.core.server] AMQ221003: Deploying ANYCAST queue demo.queue on address demo.queue
2026-04-09 11:23:42,031 INFO  [org.apache.activemq.artemis.core.server] AMQ221020: Started NIO Acceptor at localhost:61616 for protocols [CORE,MQTT,AMQP,HORNETQ,STOMP,OPENWIRE]
2026-04-09 11:23:42,032 INFO  [org.apache.activemq.artemis.core.server] AMQ221007: Server is now active
2026-04-09 11:23:42,032 INFO  [org.apache.activemq.artemis.core.server] AMQ221001: Apache Artemis Message Broker version 2.53.0 [live-broker, nodeID=8559efd9-30df-11f1-8858-0a0027000007] 
2026-04-09 11:23:42,049 INFO  [org.apache.activemq.artemis] AMQ241003: Starting embedded web server
2026-04-09 11:23:42,795 INFO  [io.hawt.HawtioContextListener] Initialising Hawtio services
2026-04-09 11:23:42,801 INFO  [io.hawt.jmx.JmxTreeWatcher] Welcome to Hawtio 4.6.2
2026-04-09 11:23:42,811 INFO  [io.hawt.web.auth.AuthenticationConfiguration] Authentication throttling is enabled
2026-04-09 11:23:42,815 INFO  [io.hawt.web.auth.AuthenticationConfiguration] Starting Hawtio authentication filter, JAAS realm: "activemq" authorized role(s): amq, role principal class names: org.apache.activemq.artemis.spi.core.security.jaas.RolePrincipal
2026-04-09 11:23:42,816 INFO  [io.hawt.web.auth.AuthenticationConfiguration] Looking for OIDC configuration file in: C:\Users\vanma\IdeaProjects\orderflow-platform\messaging\artemis\broker-live\bin\..\etc/hawtio-oidc.properties
2026-04-09 11:23:42,886 INFO  [io.hawt.web.auth.ClientRouteRedirectFilter] Hawtio ClientRouteRedirectFilter is using 1800 sec. HttpSession timeout
2026-04-09 11:23:42,935 INFO  [org.apache.activemq.artemis] AMQ241001: HTTP Server started at http://localhost:8161
2026-04-09 11:23:42,936 INFO  [org.apache.activemq.artemis] AMQ241002: Artemis Jolokia REST API available at http://localhost:8161/console/jolokia
2026-04-09 11:23:42,936 INFO  [org.apache.activemq.artemis] AMQ241004: Artemis Console available at http://localhost:8161/console
2026-04-09 11:24:02,893 INFO  [org.apache.activemq.artemis.core.server] AMQ221025: Replication: sending NIOSequentialFile C:\Users\vanma\IdeaProjects\orderflow-platform\messaging\artemis\broker-live\data\journal\activemq-data-13.amq (size=10485760) to replica, origin=journal
2026-04-09 11:24:03,241 INFO  [org.apache.activemq.artemis.core.server] AMQ221025: Replication: sending NIOSequentialFile C:\Users\vanma\IdeaProjects\orderflow-platform\messaging\artemis\broker-live\data\bindings\activemq-bindings-13.bindings (size=1048576) to replica, origin=journal
2026-04-09 11:24:03,252 INFO  [org.apache.activemq.artemis.core.server] AMQ221025: Replication: sending NIOSequentialFile C:\Users\vanma\IdeaProjects\orderflow-platform\messaging\artemis\broker-live\data\bindings\activemq-bindings-14.bindings (size=1048576) to replica, origin=journal
2026-04-09 11:24:03,260 INFO  [org.apache.activemq.artemis.core.server] AMQ221025: Replication: sending NIOSequentialFile C:\Users\vanma\IdeaProjects\orderflow-platform\messaging\artemis\broker-live\data\bindings\activemq-bindings-12.bindings (size=1048576) to replica, origin=journal
2026-04-09 11:32:15,036 INFO  [io.hawt.web.proxy.ProxyServlet] Proxy servlet is disabled
2026-04-09 11:32:15,046 INFO  [io.hawt.web.auth.keycloak.KeycloakServlet] Keycloak integration is disabled
2026-04-09 11:32:15,052 INFO  [io.hawt.web.auth.AuthConfigurationServlet] OpenID Connection integration is disabled
2026-04-09 11:32:21,699 INFO  [io.hawt.web.auth.LoginServlet] Hawtio login is using 1800 sec. HttpSession timeout
2026-04-09 11:32:21,719 INFO  [io.hawt.web.auth.LoginServlet] Logging in user: admin
2026-04-09 11:33:57,661 WARN  [org.apache.activemq.artemis.utils.actors.OrderedExecutor] Server locator is closed (maybe it was garbage collected)
java.lang.IllegalStateException: Server locator is closed (maybe it was garbage collected)
	at org.apache.activemq.artemis.core.client.impl.ServerLocatorImpl.assertOpen(ServerLocatorImpl.java:1913)
	at org.apache.activemq.artemis.core.client.impl.ServerLocatorImpl.createSessionFactory(ServerLocatorImpl.java:671)
	at org.apache.activemq.artemis.core.client.impl.ServerLocatorImpl.connect(ServerLocatorImpl.java:566)
	at org.apache.activemq.artemis.core.client.impl.ServerLocatorImpl.connect(ServerLocatorImpl.java:545)
	at org.apache.activemq.artemis.core.server.cluster.ClusterController$ConnectRunnable.run(ClusterController.java:478)
	at org.apache.activemq.artemis.utils.actors.OrderedExecutor.doTask(OrderedExecutor.java:59)
	at org.apache.activemq.artemis.utils.actors.OrderedExecutor.doTask(OrderedExecutor.java:32)
	at org.apache.activemq.artemis.utils.actors.ProcessorBase.executePendingTasks(ProcessorBase.java:69)
	at java.base/java.util.concurrent.ThreadPoolExecutor.runWorker(ThreadPoolExecutor.java:1136)
	at java.base/java.util.concurrent.ThreadPoolExecutor$Worker.run(ThreadPoolExecutor.java:635)
	at org.apache.activemq.artemis.utils.ActiveMQThreadFactory$1.run(ActiveMQThreadFactory.java:120)
2026-04-09 11:33:57,804 INFO  [org.apache.activemq.artemis] AMQ241005: Stopping embedded web server
2026-04-09 11:33:57,815 INFO  [io.hawt.HawtioContextListener] Destroying Hawtio services
2026-04-09 11:33:57,821 INFO  [org.apache.activemq.artemis] AMQ241006: Stopped embedded web server
2026-04-09 11:33:57,821 INFO  [org.apache.activemq.artemis.core.server] AMQ221002: Apache Artemis Message Broker version 2.53.0 [8559efd9-30df-11f1-8858-0a0027000007] stopped, uptime 10 minutes
2026-04-09 11:35:01,689 WARN  [org.apache.activemq.artemis.core.server] AMQ222018: AIO was not located on this platform, it will fall back to using pure Java NIO. If your platform is Linux, install LibAIO to enable the AIO journal
2026-04-09 11:35:01,696 WARN  [org.apache.activemq.artemis.core.server] AMQ222269: Please use a fixed value for "journal-pool-files". Default changed per https://issues.apache.org/jira/browse/ARTEMIS-1628
2026-04-09 11:35:01,915 INFO  [org.apache.activemq.artemis.integration.bootstrap] AMQ101000: Starting Apache Artemis Server version 2.53.0
2026-04-09 11:35:01,959 INFO  [org.apache.activemq.artemis.core.server] AMQ221000: Primary message broker is starting with configuration Broker Configuration (clustered=true,journalDirectory=data/journal,bindingsDirectory=data/bindings,largeMessagesDirectory=data/large-messages,pagingDirectory=data/paging)
2026-04-09 11:35:02,672 INFO  [org.apache.activemq.artemis.core.server] AMQ222162: Moving data directory C:\Users\vanma\IdeaProjects\orderflow-platform\messaging\artemis\broker-live\data\bindings to C:\Users\vanma\IdeaProjects\orderflow-platform\messaging\artemis\broker-live\data\bindings\oldreplica.2
2026-04-09 11:35:02,681 INFO  [org.apache.activemq.artemis.core.server] AMQ222162: Moving data directory C:\Users\vanma\IdeaProjects\orderflow-platform\messaging\artemis\broker-live\data\journal to C:\Users\vanma\IdeaProjects\orderflow-platform\messaging\artemis\broker-live\data\journal\oldreplica.2
2026-04-09 11:35:02,687 INFO  [org.apache.activemq.artemis] AMQ241003: Starting embedded web server
2026-04-09 11:35:02,749 INFO  [org.apache.activemq.artemis.core.server] AMQ221013: Using NIO Journal
2026-04-09 11:35:02,758 WARN  [org.apache.activemq.artemis.core.server] AMQ222007: Security risk! Apache Artemis is running with the default cluster admin user and default password. Please see the cluster chapter in the Artemis User Guide for instructions on how to change this.
2026-04-09 11:35:02,826 INFO  [org.apache.activemq.artemis.core.server] AMQ221057: Global Max Size is being adjusted to 1/2 of the JVM max size (-Xmx). being defined as 1073741824
2026-04-09 11:35:02,909 INFO  [org.apache.activemq.artemis.core.server] AMQ221043: Protocol module found: [artemis-server]. Adding protocol support for: CORE
2026-04-09 11:35:02,913 INFO  [org.apache.activemq.artemis.core.server] AMQ221043: Protocol module found: [artemis-amqp-protocol]. Adding protocol support for: AMQP
2026-04-09 11:35:02,917 INFO  [org.apache.activemq.artemis.core.server] AMQ221043: Protocol module found: [artemis-hornetq-protocol]. Adding protocol support for: HORNETQ
2026-04-09 11:35:02,919 INFO  [org.apache.activemq.artemis.core.server] AMQ221043: Protocol module found: [artemis-mqtt-protocol]. Adding protocol support for: MQTT
2026-04-09 11:35:02,920 INFO  [org.apache.activemq.artemis.core.server] AMQ221043: Protocol module found: [artemis-openwire-protocol]. Adding protocol support for: OPENWIRE
2026-04-09 11:35:02,926 INFO  [org.apache.activemq.artemis.core.server] AMQ221043: Protocol module found: [artemis-stomp-protocol]. Adding protocol support for: STOMP
2026-04-09 11:35:03,099 INFO  [org.apache.activemq.artemis.core.server] AMQ221109: Apache Artemis Backup Server version 2.53.0 [null] started; waiting for primary to fail before activating
2026-04-09 11:35:03,825 INFO  [io.hawt.HawtioContextListener] Initialising Hawtio services
2026-04-09 11:35:03,834 INFO  [io.hawt.jmx.JmxTreeWatcher] Welcome to Hawtio 4.6.2
2026-04-09 11:35:03,849 INFO  [io.hawt.web.auth.AuthenticationConfiguration] Authentication throttling is enabled
2026-04-09 11:35:03,854 INFO  [io.hawt.web.auth.AuthenticationConfiguration] Starting Hawtio authentication filter, JAAS realm: "activemq" authorized role(s): amq, role principal class names: org.apache.activemq.artemis.spi.core.security.jaas.RolePrincipal
2026-04-09 11:35:03,855 INFO  [io.hawt.web.auth.AuthenticationConfiguration] Looking for OIDC configuration file in: C:\Users\vanma\IdeaProjects\orderflow-platform\messaging\artemis\broker-live\bin\..\etc/hawtio-oidc.properties
2026-04-09 11:35:03,942 INFO  [org.apache.activemq.artemis.core.server] AMQ221024: Backup server ActiveMQServerImpl::name=live-broker is synchronized with primary server, nodeID=8559efd9-30df-11f1-8858-0a0027000007.
2026-04-09 11:35:03,957 INFO  [org.apache.activemq.artemis.core.server] AMQ224135: nodeID 8559efd9-30df-11f1-8858-0a0027000007 is closing. Topology update ignored
2026-04-09 11:35:03,961 INFO  [io.hawt.web.auth.ClientRouteRedirectFilter] Hawtio ClientRouteRedirectFilter is using 1800 sec. HttpSession timeout
2026-04-09 11:35:03,961 INFO  [org.apache.activemq.artemis.core.client] AMQ214036: Connection closure to localhost/127.0.0.1:61617 has been detected: AMQ219015: The connection was disconnected because of server shutdown [code=DISCONNECTED]
2026-04-09 11:35:03,962 INFO  [org.apache.activemq.artemis.core.client] AMQ214036: Connection closure to localhost/127.0.0.1:61617 has been detected: AMQ219015: The connection was disconnected because of server shutdown [code=DISCONNECTED]
2026-04-09 11:35:03,978 INFO  [org.apache.activemq.artemis.core.server] AMQ221037: ActiveMQServerImpl::name=live-broker to become 'active'
2026-04-09 11:35:04,039 INFO  [org.apache.activemq.artemis] AMQ241001: HTTP Server started at http://localhost:8161
2026-04-09 11:35:04,040 INFO  [org.apache.activemq.artemis] AMQ241002: Artemis Jolokia REST API available at http://localhost:8161/console/jolokia
2026-04-09 11:35:04,041 INFO  [org.apache.activemq.artemis] AMQ241004: Artemis Console available at http://localhost:8161/console
2026-04-09 11:35:04,191 WARN  [org.apache.activemq.artemis.core.server] AMQ222165: No Dead Letter Address configured for queue demo.queue in AddressSettings
2026-04-09 11:35:04,194 WARN  [org.apache.activemq.artemis.core.server] AMQ222166: No Expiry Address configured for queue demo.queue in AddressSettings
2026-04-09 11:35:04,332 INFO  [org.apache.activemq.artemis.core.server] AMQ221080: Deploying address demo.queue supporting [ANYCAST]
2026-04-09 11:35:04,337 INFO  [org.apache.activemq.artemis.core.server] AMQ221003: Deploying ANYCAST queue demo.queue on address demo.queue
2026-04-09 11:35:04,668 INFO  [org.apache.activemq.artemis.core.server] AMQ221007: Server is now active
2026-04-09 11:35:04,727 INFO  [org.apache.activemq.artemis.core.server] AMQ221020: Started NIO Acceptor at localhost:61616 for protocols [CORE,MQTT,AMQP,HORNETQ,STOMP,OPENWIRE]
2026-04-09 11:35:05,255 INFO  [org.apache.activemq.artemis.core.server] AMQ221025: Replication: sending NIOSequentialFile C:\Users\vanma\IdeaProjects\orderflow-platform\messaging\artemis\broker-live\data\journal\activemq-data-46.amq (size=10485760) to replica, origin=journal
2026-04-09 11:35:05,454 INFO  [org.apache.activemq.artemis.core.server] AMQ221025: Replication: sending NIOSequentialFile C:\Users\vanma\IdeaProjects\orderflow-platform\messaging\artemis\broker-live\data\bindings\activemq-bindings-66.bindings (size=1048576) to replica, origin=journal
2026-04-09 11:35:05,460 INFO  [org.apache.activemq.artemis.core.server] AMQ221025: Replication: sending NIOSequentialFile C:\Users\vanma\IdeaProjects\orderflow-platform\messaging\artemis\broker-live\data\bindings\activemq-bindings-67.bindings (size=1048576) to replica, origin=journal
2026-04-09 11:35:05,465 INFO  [org.apache.activemq.artemis.core.server] AMQ221025: Replication: sending NIOSequentialFile C:\Users\vanma\IdeaProjects\orderflow-platform\messaging\artemis\broker-live\data\bindings\activemq-bindings-65.bindings (size=1048576) to replica, origin=journal
2026-04-09 11:35:33,412 INFO  [io.hawt.web.proxy.ProxyServlet] Proxy servlet is disabled
2026-04-09 11:35:33,419 INFO  [io.hawt.web.auth.keycloak.KeycloakServlet] Keycloak integration is disabled
2026-04-09 11:35:33,433 INFO  [io.hawt.web.auth.AuthConfigurationServlet] OpenID Connection integration is disabled
2026-04-09 11:35:35,302 INFO  [io.hawt.web.auth.LoginServlet] Hawtio login is using 1800 sec. HttpSession timeout
2026-04-09 11:35:35,319 INFO  [io.hawt.web.auth.LoginServlet] Logging in user: admin
2026-04-09 11:44:03,642 ERROR [org.apache.activemq.artemis.core.deployers.impl.FileConfigurationParser] cvc-complex-type.2.4.a: Invalid content was found starting with element '{"urn:activemq:core":node-id}'. One of '{"urn:activemq:core":system-property-prefix, "urn:activemq:core":internal-naming-prefix, "urn:activemq:core":amqp-use-core-subscription-naming, "urn:activemq:core":resolve-protocols, "urn:activemq:core":journal-datasync, "urn:activemq:core":large-message-sync, "urn:activemq:core":persistence-enabled, "urn:activemq:core":scheduled-thread-pool-max-size, "urn:activemq:core":thread-pool-max-size, "urn:activemq:core":graceful-shutdown-enabled, "urn:activemq:core":graceful-shutdown-timeout, "urn:activemq:core":security-enabled, "urn:activemq:core":security-invalidation-interval, "urn:activemq:core":authentication-cache-size, "urn:activemq:core":authorization-cache-size, "urn:activemq:core":journal-lock-acquisition-timeout, "urn:activemq:core":wild-card-routing-enabled, "urn:activemq:core":management-address, "urn:activemq:core":management-notification-address, "urn:activemq:core":cluster-user, "urn:activemq:core":cluster-password, "urn:activemq:core":password-codec, "urn:activemq:core":mask-password, "urn:activemq:core":log-delegate-factory-class-name, "urn:activemq:core":jmx-management-enabled, "urn:activemq:core":jmx-notification-enabled, "urn:activemq:core":jmx-domain, "urn:activemq:core":jmx-use-broker-name, "urn:activemq:core":message-counter-enabled, "urn:activemq:core":message-counter-sample-period, "urn:activemq:core":message-counter-max-day-history, "urn:activemq:core":connection-ttl-override, "urn:activemq:core":connection-ttl-check-interval, "urn:activemq:core":configuration-file-refresh-period, "urn:activemq:core":temporary-queue-namespace, "urn:activemq:core":uuid-namespace, "urn:activemq:core":async-connection-execution-enabled, "urn:activemq:core":transaction-timeout, "urn:activemq:core":transaction-timeout-scan-period, "urn:activemq:core":message-expiry-scan-period, "urn:activemq:core":message-expiry-thread-priority, "urn:activemq:core":address-queue-scan-period, "urn:activemq:core":id-cache-size, "urn:activemq:core":persist-id-cache, "urn:activemq:core":remoting-incoming-interceptors, "urn:activemq:core":remoting-outgoing-interceptors, "urn:activemq:core":persist-delivery-count-before-delivery, "urn:activemq:core":max-redelivery-records, "urn:activemq:core":populate-validated-user, "urn:activemq:core":reject-empty-validated-user, "urn:activemq:core":mqtt-session-scan-interval, "urn:activemq:core":mqtt-session-state-persistence-timeout, "urn:activemq:core":mqtt-subscription-persistence-enabled, "urn:activemq:core":connectors, "urn:activemq:core":acceptors, "urn:activemq:core":broadcast-groups, "urn:activemq:core":discovery-groups, "urn:activemq:core":diverts, "urn:activemq:core":queues, "urn:activemq:core":lock-coordinators, "urn:activemq:core":bridges, "urn:activemq:core":federations, "urn:activemq:core":ha-policy, "urn:activemq:core":cluster-connections, "urn:activemq:core":broker-connections, "urn:activemq:core":connection-routers, "urn:activemq:core":grouping-handler, "urn:activemq:core":purge-page-folders, "urn:activemq:core":paging-directory, "urn:activemq:core":bindings-directory, "urn:activemq:core":create-bindings-dir, "urn:activemq:core":page-max-concurrent-io, "urn:activemq:core":read-whole-page, "urn:activemq:core":journal-directory, "urn:activemq:core":journal-retention-directory, "urn:activemq:core":node-manager-lock-directory, "urn:activemq:core":create-journal-dir, "urn:activemq:core":journal-type, "urn:activemq:core":journal-buffer-timeout, "urn:activemq:core":journal-device-block-size, "urn:activemq:core":journal-buffer-size, "urn:activemq:core":journal-sync-transactional, "urn:activemq:core":journal-sync-non-transactional, "urn:activemq:core":log-journal-write-rate, "urn:activemq:core":journal-file-size, "urn:activemq:core":journal-min-files, "urn:activemq:core":journal-pool-files, "urn:activemq:core":journal-compact-percentage, "urn:activemq:core":journal-compact-min-files, "urn:activemq:core":journal-max-io, "urn:activemq:core":journal-file-open-timeout, "urn:activemq:core":server-dump-interval, "urn:activemq:core":global-max-messages, "urn:activemq:core":global-max-size-percent-of-jvm-max-memory, "urn:activemq:core":global-max-size, "urn:activemq:core":max-disk-usage, "urn:activemq:core":min-disk-free, "urn:activemq:core":disk-scan-period, "urn:activemq:core":memory-warning-threshold, "urn:activemq:core":memory-measure-interval, "urn:activemq:core":large-messages-directory, "urn:activemq:core":store, "urn:activemq:core":critical-analyzer, "urn:activemq:core":critical-analyzer-timeout, "urn:activemq:core":critical-analyzer-check-period, "urn:activemq:core":critical-analyzer-policy, "urn:activemq:core":page-sync-timeout, "urn:activemq:core":mirror-ack-manager-queue-attempts, "urn:activemq:core":mirror-ack-manager-page-attempts, "urn:activemq:core":mirror-ack-manager-retry-delay, "urn:activemq:core":mirror-ack-manager-warn-unacked, "urn:activemq:core":mirror-page-transaction, "urn:activemq:core":suppress-session-notifications, "urn:activemq:core":literal-match-markers, "urn:activemq:core":view-permission-method-match-pattern, "urn:activemq:core":management-message-rbac, "urn:activemq:core":management-rbac-prefix, "urn:activemq:core":security-settings, "urn:activemq:core":broker-plugins, "urn:activemq:core":metrics-plugin, "urn:activemq:core":metrics, "urn:activemq:core":address-settings, "urn:activemq:core":resource-limit-settings, "urn:activemq:core":connector-services, "urn:activemq:core":addresses, "urn:activemq:core":network-check-list, "urn:activemq:core":network-check-URL-list, "urn:activemq:core":network-check-period, "urn:activemq:core":network-check-timeout, "urn:activemq:core":network-check-NIC, "urn:activemq:core":network-check-ping-command, "urn:activemq:core":network-check-ping6-command, "urn:activemq:core":wildcard-addresses}' is expected.
org.xml.sax.SAXParseException: cvc-complex-type.2.4.a: Invalid content was found starting with element '{"urn:activemq:core":node-id}'. One of '{"urn:activemq:core":system-property-prefix, "urn:activemq:core":internal-naming-prefix, "urn:activemq:core":amqp-use-core-subscription-naming, "urn:activemq:core":resolve-protocols, "urn:activemq:core":journal-datasync, "urn:activemq:core":large-message-sync, "urn:activemq:core":persistence-enabled, "urn:activemq:core":scheduled-thread-pool-max-size, "urn:activemq:core":thread-pool-max-size, "urn:activemq:core":graceful-shutdown-enabled, "urn:activemq:core":graceful-shutdown-timeout, "urn:activemq:core":security-enabled, "urn:activemq:core":security-invalidation-interval, "urn:activemq:core":authentication-cache-size, "urn:activemq:core":authorization-cache-size, "urn:activemq:core":journal-lock-acquisition-timeout, "urn:activemq:core":wild-card-routing-enabled, "urn:activemq:core":management-address, "urn:activemq:core":management-notification-address, "urn:activemq:core":cluster-user, "urn:activemq:core":cluster-password, "urn:activemq:core":password-codec, "urn:activemq:core":mask-password, "urn:activemq:core":log-delegate-factory-class-name, "urn:activemq:core":jmx-management-enabled, "urn:activemq:core":jmx-notification-enabled, "urn:activemq:core":jmx-domain, "urn:activemq:core":jmx-use-broker-name, "urn:activemq:core":message-counter-enabled, "urn:activemq:core":message-counter-sample-period, "urn:activemq:core":message-counter-max-day-history, "urn:activemq:core":connection-ttl-override, "urn:activemq:core":connection-ttl-check-interval, "urn:activemq:core":configuration-file-refresh-period, "urn:activemq:core":temporary-queue-namespace, "urn:activemq:core":uuid-namespace, "urn:activemq:core":async-connection-execution-enabled, "urn:activemq:core":transaction-timeout, "urn:activemq:core":transaction-timeout-scan-period, "urn:activemq:core":message-expiry-scan-period, "urn:activemq:core":message-expiry-thread-priority, "urn:activemq:core":address-queue-scan-period, "urn:activemq:core":id-cache-size, "urn:activemq:core":persist-id-cache, "urn:activemq:core":remoting-incoming-interceptors, "urn:activemq:core":remoting-outgoing-interceptors, "urn:activemq:core":persist-delivery-count-before-delivery, "urn:activemq:core":max-redelivery-records, "urn:activemq:core":populate-validated-user, "urn:activemq:core":reject-empty-validated-user, "urn:activemq:core":mqtt-session-scan-interval, "urn:activemq:core":mqtt-session-state-persistence-timeout, "urn:activemq:core":mqtt-subscription-persistence-enabled, "urn:activemq:core":connectors, "urn:activemq:core":acceptors, "urn:activemq:core":broadcast-groups, "urn:activemq:core":discovery-groups, "urn:activemq:core":diverts, "urn:activemq:core":queues, "urn:activemq:core":lock-coordinators, "urn:activemq:core":bridges, "urn:activemq:core":federations, "urn:activemq:core":ha-policy, "urn:activemq:core":cluster-connections, "urn:activemq:core":broker-connections, "urn:activemq:core":connection-routers, "urn:activemq:core":grouping-handler, "urn:activemq:core":purge-page-folders, "urn:activemq:core":paging-directory, "urn:activemq:core":bindings-directory, "urn:activemq:core":create-bindings-dir, "urn:activemq:core":page-max-concurrent-io, "urn:activemq:core":read-whole-page, "urn:activemq:core":journal-directory, "urn:activemq:core":journal-retention-directory, "urn:activemq:core":node-manager-lock-directory, "urn:activemq:core":create-journal-dir, "urn:activemq:core":journal-type, "urn:activemq:core":journal-buffer-timeout, "urn:activemq:core":journal-device-block-size, "urn:activemq:core":journal-buffer-size, "urn:activemq:core":journal-sync-transactional, "urn:activemq:core":journal-sync-non-transactional, "urn:activemq:core":log-journal-write-rate, "urn:activemq:core":journal-file-size, "urn:activemq:core":journal-min-files, "urn:activemq:core":journal-pool-files, "urn:activemq:core":journal-compact-percentage, "urn:activemq:core":journal-compact-min-files, "urn:activemq:core":journal-max-io, "urn:activemq:core":journal-file-open-timeout, "urn:activemq:core":server-dump-interval, "urn:activemq:core":global-max-messages, "urn:activemq:core":global-max-size-percent-of-jvm-max-memory, "urn:activemq:core":global-max-size, "urn:activemq:core":max-disk-usage, "urn:activemq:core":min-disk-free, "urn:activemq:core":disk-scan-period, "urn:activemq:core":memory-warning-threshold, "urn:activemq:core":memory-measure-interval, "urn:activemq:core":large-messages-directory, "urn:activemq:core":store, "urn:activemq:core":critical-analyzer, "urn:activemq:core":critical-analyzer-timeout, "urn:activemq:core":critical-analyzer-check-period, "urn:activemq:core":critical-analyzer-policy, "urn:activemq:core":page-sync-timeout, "urn:activemq:core":mirror-ack-manager-queue-attempts, "urn:activemq:core":mirror-ack-manager-page-attempts, "urn:activemq:core":mirror-ack-manager-retry-delay, "urn:activemq:core":mirror-ack-manager-warn-unacked, "urn:activemq:core":mirror-page-transaction, "urn:activemq:core":suppress-session-notifications, "urn:activemq:core":literal-match-markers, "urn:activemq:core":view-permission-method-match-pattern, "urn:activemq:core":management-message-rbac, "urn:activemq:core":management-rbac-prefix, "urn:activemq:core":security-settings, "urn:activemq:core":broker-plugins, "urn:activemq:core":metrics-plugin, "urn:activemq:core":metrics, "urn:activemq:core":address-settings, "urn:activemq:core":resource-limit-settings, "urn:activemq:core":connector-services, "urn:activemq:core":addresses, "urn:activemq:core":network-check-list, "urn:activemq:core":network-check-URL-list, "urn:activemq:core":network-check-period, "urn:activemq:core":network-check-timeout, "urn:activemq:core":network-check-NIC, "urn:activemq:core":network-check-ping-command, "urn:activemq:core":network-check-ping6-command, "urn:activemq:core":wildcard-addresses}' is expected.
	at java.xml/com.sun.org.apache.xerces.internal.util.ErrorHandlerWrapper.createSAXParseException(ErrorHandlerWrapper.java:204)
	at java.xml/com.sun.org.apache.xerces.internal.util.ErrorHandlerWrapper.error(ErrorHandlerWrapper.java:135)
	at java.xml/com.sun.org.apache.xerces.internal.impl.XMLErrorReporter.reportError(XMLErrorReporter.java:396)
	at java.xml/com.sun.org.apache.xerces.internal.impl.XMLErrorReporter.reportError(XMLErrorReporter.java:327)
	at java.xml/com.sun.org.apache.xerces.internal.impl.XMLErrorReporter.reportError(XMLErrorReporter.java:284)
	at java.xml/com.sun.org.apache.xerces.internal.impl.xs.XMLSchemaValidator$XSIErrorReporter.reportError(XMLSchemaValidator.java:512)
	at java.xml/com.sun.org.apache.xerces.internal.impl.xs.XMLSchemaValidator.reportSchemaError(XMLSchemaValidator.java:3596)
	at java.xml/com.sun.org.apache.xerces.internal.impl.xs.XMLSchemaValidator.handleStartElement(XMLSchemaValidator.java:1972)
	at java.xml/com.sun.org.apache.xerces.internal.impl.xs.XMLSchemaValidator.startElement(XMLSchemaValidator.java:830)
	at java.xml/com.sun.org.apache.xerces.internal.jaxp.validation.DOMValidatorHelper.beginNode(DOMValidatorHelper.java:277)
	at java.xml/com.sun.org.apache.xerces.internal.jaxp.validation.DOMValidatorHelper.validate(DOMValidatorHelper.java:244)
	at java.xml/com.sun.org.apache.xerces.internal.jaxp.validation.DOMValidatorHelper.validate(DOMValidatorHelper.java:190)
	at java.xml/com.sun.org.apache.xerces.internal.jaxp.validation.ValidatorImpl.validate(ValidatorImpl.java:108)
	at java.xml/javax.xml.validation.Validator.validate(Validator.java:124)
	at org.apache.activemq.artemis.core.deployers.impl.FileConfigurationParser.parseMainConfig(FileConfigurationParser.java:418)
	at org.apache.activemq.artemis.core.server.impl.ActiveMQServerImpl.reloadConfigurationFile(ActiveMQServerImpl.java:4697)
	at org.apache.activemq.artemis.core.server.impl.ActiveMQServerImpl.lambda$initialisePart1$0(ActiveMQServerImpl.java:3447)
	at org.apache.activemq.artemis.core.server.reload.ReloadManagerImpl$ReloadRegistry.check(ReloadManagerImpl.java:136)
	at org.apache.activemq.artemis.core.server.reload.ReloadManagerImpl.tick(ReloadManagerImpl.java:77)
	at org.apache.activemq.artemis.core.server.reload.ReloadManagerImpl.run(ReloadManagerImpl.java:49)
	at org.apache.activemq.artemis.core.server.ActiveMQScheduledComponent.runForExecutor(ActiveMQScheduledComponent.java:327)
	at org.apache.activemq.artemis.core.server.ActiveMQScheduledComponent.lambda$bookedRunForScheduler$0(ActiveMQScheduledComponent.java:334)
	at org.apache.activemq.artemis.utils.actors.OrderedExecutor.doTask(OrderedExecutor.java:59)
	at org.apache.activemq.artemis.utils.actors.OrderedExecutor.doTask(OrderedExecutor.java:32)
	at org.apache.activemq.artemis.utils.actors.ProcessorBase.executePendingTasks(ProcessorBase.java:69)
	at java.base/java.util.concurrent.ThreadPoolExecutor.runWorker(ThreadPoolExecutor.java:1136)
	at java.base/java.util.concurrent.ThreadPoolExecutor$Worker.run(ThreadPoolExecutor.java:635)
	at org.apache.activemq.artemis.utils.ActiveMQThreadFactory$1.run(ActiveMQThreadFactory.java:120)
2026-04-09 11:44:03,651 WARN  [org.apache.activemq.artemis.core.server] AMQ222269: Please use a fixed value for "journal-pool-files". Default changed per https://issues.apache.org/jira/browse/ARTEMIS-1628
2026-04-09 11:44:03,660 INFO  [org.apache.activemq.artemis.core.server] AMQ221056: Reloading configuration: security settings
2026-04-09 11:44:03,669 INFO  [org.apache.activemq.artemis.core.server] AMQ221056: Reloading configuration: address settings
2026-04-09 11:44:03,669 WARN  [org.apache.activemq.artemis.core.server] AMQ222165: No Dead Letter Address configured for queue demo.queue in AddressSettings
2026-04-09 11:44:03,670 WARN  [org.apache.activemq.artemis.core.server] AMQ222166: No Expiry Address configured for queue demo.queue in AddressSettings
2026-04-09 11:44:03,670 INFO  [org.apache.activemq.artemis.core.server] AMQ221056: Reloading configuration: diverts
2026-04-09 11:44:03,674 INFO  [org.apache.activemq.artemis.core.server] AMQ221056: Reloading configuration: addresses
2026-04-09 11:44:03,676 INFO  [org.apache.activemq.artemis.core.server] AMQ221080: Deploying address demo.queue supporting [ANYCAST]
2026-04-09 11:44:03,677 INFO  [org.apache.activemq.artemis.core.server] AMQ221003: Deploying ANYCAST queue demo.queue on address demo.queue
2026-04-09 11:44:03,680 INFO  [org.apache.activemq.artemis.core.server] AMQ221056: Reloading configuration: bridges
2026-04-09 11:44:03,681 INFO  [org.apache.activemq.artemis.core.server] AMQ221056: Reloading configuration: connection routers
2026-04-09 11:44:03,686 INFO  [org.apache.activemq.artemis.core.server] AMQ221056: Reloading configuration: protocol services
2026-04-09 11:45:14,737 INFO  [org.apache.activemq.artemis] AMQ241005: Stopping embedded web server
2026-04-09 11:45:14,748 INFO  [io.hawt.HawtioContextListener] Destroying Hawtio services
2026-04-09 11:45:14,755 INFO  [org.apache.activemq.artemis] AMQ241006: Stopped embedded web server
2026-04-09 11:45:14,756 INFO  [org.apache.activemq.artemis.core.server] AMQ221002: Apache Artemis Message Broker version 2.53.0 [8559efd9-30df-11f1-8858-0a0027000007] stopped, uptime 10 minutes
2026-04-09 11:45:40,830 ERROR [org.apache.activemq.artemis.core.client] AMQ214019: Invalid configuration
org.xml.sax.SAXParseException: cvc-complex-type.2.4.a: Invalid content was found starting with element '{"urn:activemq:core":node-id}'. One of '{"urn:activemq:core":system-property-prefix, "urn:activemq:core":internal-naming-prefix, "urn:activemq:core":amqp-use-core-subscription-naming, "urn:activemq:core":resolve-protocols, "urn:activemq:core":journal-datasync, "urn:activemq:core":large-message-sync, "urn:activemq:core":persistence-enabled, "urn:activemq:core":scheduled-thread-pool-max-size, "urn:activemq:core":thread-pool-max-size, "urn:activemq:core":graceful-shutdown-enabled, "urn:activemq:core":graceful-shutdown-timeout, "urn:activemq:core":security-enabled, "urn:activemq:core":security-invalidation-interval, "urn:activemq:core":authentication-cache-size, "urn:activemq:core":authorization-cache-size, "urn:activemq:core":journal-lock-acquisition-timeout, "urn:activemq:core":wild-card-routing-enabled, "urn:activemq:core":management-address, "urn:activemq:core":management-notification-address, "urn:activemq:core":cluster-user, "urn:activemq:core":cluster-password, "urn:activemq:core":password-codec, "urn:activemq:core":mask-password, "urn:activemq:core":log-delegate-factory-class-name, "urn:activemq:core":jmx-management-enabled, "urn:activemq:core":jmx-notification-enabled, "urn:activemq:core":jmx-domain, "urn:activemq:core":jmx-use-broker-name, "urn:activemq:core":message-counter-enabled, "urn:activemq:core":message-counter-sample-period, "urn:activemq:core":message-counter-max-day-history, "urn:activemq:core":connection-ttl-override, "urn:activemq:core":connection-ttl-check-interval, "urn:activemq:core":configuration-file-refresh-period, "urn:activemq:core":temporary-queue-namespace, "urn:activemq:core":uuid-namespace, "urn:activemq:core":async-connection-execution-enabled, "urn:activemq:core":transaction-timeout, "urn:activemq:core":transaction-timeout-scan-period, "urn:activemq:core":message-expiry-scan-period, "urn:activemq:core":message-expiry-thread-priority, "urn:activemq:core":address-queue-scan-period, "urn:activemq:core":id-cache-size, "urn:activemq:core":persist-id-cache, "urn:activemq:core":remoting-incoming-interceptors, "urn:activemq:core":remoting-outgoing-interceptors, "urn:activemq:core":persist-delivery-count-before-delivery, "urn:activemq:core":max-redelivery-records, "urn:activemq:core":populate-validated-user, "urn:activemq:core":reject-empty-validated-user, "urn:activemq:core":mqtt-session-scan-interval, "urn:activemq:core":mqtt-session-state-persistence-timeout, "urn:activemq:core":mqtt-subscription-persistence-enabled, "urn:activemq:core":connectors, "urn:activemq:core":acceptors, "urn:activemq:core":broadcast-groups, "urn:activemq:core":discovery-groups, "urn:activemq:core":diverts, "urn:activemq:core":queues, "urn:activemq:core":lock-coordinators, "urn:activemq:core":bridges, "urn:activemq:core":federations, "urn:activemq:core":ha-policy, "urn:activemq:core":cluster-connections, "urn:activemq:core":broker-connections, "urn:activemq:core":connection-routers, "urn:activemq:core":grouping-handler, "urn:activemq:core":purge-page-folders, "urn:activemq:core":paging-directory, "urn:activemq:core":bindings-directory, "urn:activemq:core":create-bindings-dir, "urn:activemq:core":page-max-concurrent-io, "urn:activemq:core":read-whole-page, "urn:activemq:core":journal-directory, "urn:activemq:core":journal-retention-directory, "urn:activemq:core":node-manager-lock-directory, "urn:activemq:core":create-journal-dir, "urn:activemq:core":journal-type, "urn:activemq:core":journal-buffer-timeout, "urn:activemq:core":journal-device-block-size, "urn:activemq:core":journal-buffer-size, "urn:activemq:core":journal-sync-transactional, "urn:activemq:core":journal-sync-non-transactional, "urn:activemq:core":log-journal-write-rate, "urn:activemq:core":journal-file-size, "urn:activemq:core":journal-min-files, "urn:activemq:core":journal-pool-files, "urn:activemq:core":journal-compact-percentage, "urn:activemq:core":journal-compact-min-files, "urn:activemq:core":journal-max-io, "urn:activemq:core":journal-file-open-timeout, "urn:activemq:core":server-dump-interval, "urn:activemq:core":global-max-messages, "urn:activemq:core":global-max-size-percent-of-jvm-max-memory, "urn:activemq:core":global-max-size, "urn:activemq:core":max-disk-usage, "urn:activemq:core":min-disk-free, "urn:activemq:core":disk-scan-period, "urn:activemq:core":memory-warning-threshold, "urn:activemq:core":memory-measure-interval, "urn:activemq:core":large-messages-directory, "urn:activemq:core":store, "urn:activemq:core":critical-analyzer, "urn:activemq:core":critical-analyzer-timeout, "urn:activemq:core":critical-analyzer-check-period, "urn:activemq:core":critical-analyzer-policy, "urn:activemq:core":page-sync-timeout, "urn:activemq:core":mirror-ack-manager-queue-attempts, "urn:activemq:core":mirror-ack-manager-page-attempts, "urn:activemq:core":mirror-ack-manager-retry-delay, "urn:activemq:core":mirror-ack-manager-warn-unacked, "urn:activemq:core":mirror-page-transaction, "urn:activemq:core":suppress-session-notifications, "urn:activemq:core":literal-match-markers, "urn:activemq:core":view-permission-method-match-pattern, "urn:activemq:core":management-message-rbac, "urn:activemq:core":management-rbac-prefix, "urn:activemq:core":security-settings, "urn:activemq:core":broker-plugins, "urn:activemq:core":metrics-plugin, "urn:activemq:core":metrics, "urn:activemq:core":address-settings, "urn:activemq:core":resource-limit-settings, "urn:activemq:core":connector-services, "urn:activemq:core":addresses, "urn:activemq:core":network-check-list, "urn:activemq:core":network-check-URL-list, "urn:activemq:core":network-check-period, "urn:activemq:core":network-check-timeout, "urn:activemq:core":network-check-NIC, "urn:activemq:core":network-check-ping-command, "urn:activemq:core":network-check-ping6-command, "urn:activemq:core":wildcard-addresses}' is expected.
	at java.xml/com.sun.org.apache.xerces.internal.util.ErrorHandlerWrapper.createSAXParseException(ErrorHandlerWrapper.java:204)
	at java.xml/com.sun.org.apache.xerces.internal.util.ErrorHandlerWrapper.error(ErrorHandlerWrapper.java:135)
	at java.xml/com.sun.org.apache.xerces.internal.impl.XMLErrorReporter.reportError(XMLErrorReporter.java:396)
	at java.xml/com.sun.org.apache.xerces.internal.impl.XMLErrorReporter.reportError(XMLErrorReporter.java:327)
	at java.xml/com.sun.org.apache.xerces.internal.impl.XMLErrorReporter.reportError(XMLErrorReporter.java:284)
	at java.xml/com.sun.org.apache.xerces.internal.impl.xs.XMLSchemaValidator$XSIErrorReporter.reportError(XMLSchemaValidator.java:512)
	at java.xml/com.sun.org.apache.xerces.internal.impl.xs.XMLSchemaValidator.reportSchemaError(XMLSchemaValidator.java:3596)
	at java.xml/com.sun.org.apache.xerces.internal.impl.xs.XMLSchemaValidator.handleStartElement(XMLSchemaValidator.java:1972)
	at java.xml/com.sun.org.apache.xerces.internal.impl.xs.XMLSchemaValidator.startElement(XMLSchemaValidator.java:830)
	at java.xml/com.sun.org.apache.xerces.internal.jaxp.validation.DOMValidatorHelper.beginNode(DOMValidatorHelper.java:277)
	at java.xml/com.sun.org.apache.xerces.internal.jaxp.validation.DOMValidatorHelper.validate(DOMValidatorHelper.java:244)
	at java.xml/com.sun.org.apache.xerces.internal.jaxp.validation.DOMValidatorHelper.validate(DOMValidatorHelper.java:190)
	at java.xml/com.sun.org.apache.xerces.internal.jaxp.validation.ValidatorImpl.validate(ValidatorImpl.java:108)
	at java.xml/javax.xml.validation.Validator.validate(Validator.java:124)
	at org.apache.activemq.artemis.utils.XMLUtil.validate(XMLUtil.java:371)
	at org.apache.activemq.artemis.core.config.FileDeploymentManager.readConfiguration(FileDeploymentManager.java:80)
	at org.apache.activemq.artemis.integration.FileBroker.createComponents(FileBroker.java:123)
	at org.apache.activemq.artemis.cli.commands.Run.execute(Run.java:122)
	at org.apache.activemq.artemis.cli.Artemis.internalExecute(Artemis.java:223)
	at org.apache.activemq.artemis.cli.Artemis.execute(Artemis.java:171)
	at java.base/jdk.internal.reflect.NativeMethodAccessorImpl.invoke0(Native Method)
	at java.base/jdk.internal.reflect.NativeMethodAccessorImpl.invoke(NativeMethodAccessorImpl.java:77)
	at java.base/jdk.internal.reflect.DelegatingMethodAccessorImpl.invoke(DelegatingMethodAccessorImpl.java:43)
	at java.base/java.lang.reflect.Method.invoke(Method.java:569)
	at org.apache.activemq.artemis.boot.Artemis.execute(Artemis.java:149)
	at org.apache.activemq.artemis.boot.Artemis.main(Artemis.java:61)
2026-04-09 11:52:09,592 WARN  [org.apache.activemq.artemis.core.server] AMQ222018: AIO was not located on this platform, it will fall back to using pure Java NIO. If your platform is Linux, install LibAIO to enable the AIO journal
2026-04-09 11:52:09,602 WARN  [org.apache.activemq.artemis.core.server] AMQ222269: Please use a fixed value for "journal-pool-files". Default changed per https://issues.apache.org/jira/browse/ARTEMIS-1628
2026-04-09 11:52:09,827 INFO  [org.apache.activemq.artemis.integration.bootstrap] AMQ101000: Starting Apache Artemis Server version 2.53.0
2026-04-09 11:52:09,874 INFO  [org.apache.activemq.artemis.core.server] AMQ221000: Primary message broker is starting with configuration Broker Configuration (clustered=true,journalDirectory=data/journal,bindingsDirectory=data/bindings,largeMessagesDirectory=data/large-messages,pagingDirectory=data/paging)
2026-04-09 11:52:12,601 INFO  [org.apache.activemq.artemis.core.server] AMQ221013: Using NIO Journal
2026-04-09 11:52:12,628 WARN  [org.apache.activemq.artemis.core.server] AMQ222007: Security risk! Apache Artemis is running with the default cluster admin user and default password. Please see the cluster chapter in the Artemis User Guide for instructions on how to change this.
2026-04-09 11:52:12,682 INFO  [org.apache.activemq.artemis.core.server] AMQ221057: Global Max Size is being adjusted to 1/2 of the JVM max size (-Xmx). being defined as 1073741824
2026-04-09 11:52:12,760 INFO  [org.apache.activemq.artemis.core.server] AMQ221043: Protocol module found: [artemis-server]. Adding protocol support for: CORE
2026-04-09 11:52:12,761 INFO  [org.apache.activemq.artemis.core.server] AMQ221043: Protocol module found: [artemis-amqp-protocol]. Adding protocol support for: AMQP
2026-04-09 11:52:12,762 INFO  [org.apache.activemq.artemis.core.server] AMQ221043: Protocol module found: [artemis-hornetq-protocol]. Adding protocol support for: HORNETQ
2026-04-09 11:52:12,763 INFO  [org.apache.activemq.artemis.core.server] AMQ221043: Protocol module found: [artemis-mqtt-protocol]. Adding protocol support for: MQTT
2026-04-09 11:52:12,764 INFO  [org.apache.activemq.artemis.core.server] AMQ221043: Protocol module found: [artemis-openwire-protocol]. Adding protocol support for: OPENWIRE
2026-04-09 11:52:12,766 INFO  [org.apache.activemq.artemis.core.server] AMQ221043: Protocol module found: [artemis-stomp-protocol]. Adding protocol support for: STOMP
2026-04-09 11:52:13,133 WARN  [org.apache.activemq.artemis.core.server] AMQ222165: No Dead Letter Address configured for queue demo.queue in AddressSettings
2026-04-09 11:52:13,134 WARN  [org.apache.activemq.artemis.core.server] AMQ222166: No Expiry Address configured for queue demo.queue in AddressSettings
2026-04-09 11:52:13,266 INFO  [org.apache.activemq.artemis.core.server] AMQ221080: Deploying address demo.queue supporting [ANYCAST]
2026-04-09 11:52:13,267 INFO  [org.apache.activemq.artemis.core.server] AMQ221003: Deploying ANYCAST queue demo.queue on address demo.queue
2026-04-09 11:52:13,614 INFO  [org.apache.activemq.artemis.core.server] AMQ221020: Started NIO Acceptor at localhost:61616 for protocols [CORE,MQTT,AMQP,HORNETQ,STOMP,OPENWIRE]
2026-04-09 11:52:13,615 INFO  [org.apache.activemq.artemis.core.server] AMQ221007: Server is now active
2026-04-09 11:52:13,615 INFO  [org.apache.activemq.artemis.core.server] AMQ221001: Apache Artemis Message Broker version 2.53.0 [live-broker, nodeID=8559efd9-30df-11f1-8858-0a0027000007] 
2026-04-09 11:52:13,633 INFO  [org.apache.activemq.artemis] AMQ241003: Starting embedded web server
2026-04-09 11:52:14,672 INFO  [io.hawt.HawtioContextListener] Initialising Hawtio services
2026-04-09 11:52:14,686 INFO  [io.hawt.jmx.JmxTreeWatcher] Welcome to Hawtio 4.6.2
2026-04-09 11:52:14,701 INFO  [io.hawt.web.auth.AuthenticationConfiguration] Authentication throttling is enabled
2026-04-09 11:52:14,707 INFO  [io.hawt.web.auth.AuthenticationConfiguration] Starting Hawtio authentication filter, JAAS realm: "activemq" authorized role(s): amq, role principal class names: org.apache.activemq.artemis.spi.core.security.jaas.RolePrincipal
2026-04-09 11:52:14,708 INFO  [io.hawt.web.auth.AuthenticationConfiguration] Looking for OIDC configuration file in: C:\Users\vanma\IdeaProjects\orderflow-platform\messaging\artemis\broker-live\bin\..\etc/hawtio-oidc.properties
2026-04-09 11:52:14,806 INFO  [io.hawt.web.auth.ClientRouteRedirectFilter] Hawtio ClientRouteRedirectFilter is using 1800 sec. HttpSession timeout
2026-04-09 11:52:14,864 INFO  [org.apache.activemq.artemis] AMQ241001: HTTP Server started at http://localhost:8161
2026-04-09 11:52:14,865 INFO  [org.apache.activemq.artemis] AMQ241002: Artemis Jolokia REST API available at http://localhost:8161/console/jolokia
2026-04-09 11:52:14,865 INFO  [org.apache.activemq.artemis] AMQ241004: Artemis Console available at http://localhost:8161/console
2026-04-09 11:52:17,702 INFO  [io.hawt.web.proxy.ProxyServlet] Proxy servlet is disabled
2026-04-09 11:52:17,711 INFO  [io.hawt.web.auth.keycloak.KeycloakServlet] Keycloak integration is disabled
2026-04-09 11:52:17,713 INFO  [io.hawt.web.auth.AuthConfigurationServlet] OpenID Connection integration is disabled
2026-04-09 11:52:23,586 INFO  [org.apache.activemq.artemis.core.server] AMQ221025: Replication: sending NIOSequentialFile C:\Users\vanma\IdeaProjects\orderflow-platform\messaging\artemis\broker-live\data\journal\activemq-data-46.amq (size=10485760) to replica, origin=journal
2026-04-09 11:52:23,920 INFO  [org.apache.activemq.artemis.core.server] AMQ221025: Replication: sending NIOSequentialFile C:\Users\vanma\IdeaProjects\orderflow-platform\messaging\artemis\broker-live\data\bindings\activemq-bindings-1.bindings (size=1048576) to replica, origin=journal
2026-04-09 11:52:23,935 INFO  [org.apache.activemq.artemis.core.server] AMQ221025: Replication: sending NIOSequentialFile C:\Users\vanma\IdeaProjects\orderflow-platform\messaging\artemis\broker-live\data\bindings\activemq-bindings-2.bindings (size=1048576) to replica, origin=journal
2026-04-09 11:52:23,947 INFO  [org.apache.activemq.artemis.core.server] AMQ221025: Replication: sending NIOSequentialFile C:\Users\vanma\IdeaProjects\orderflow-platform\messaging\artemis\broker-live\data\bindings\activemq-bindings-65.bindings (size=1048576) to replica, origin=journal
2026-04-09 11:52:53,652 INFO  [io.hawt.web.auth.LoginServlet] Hawtio login is using 1800 sec. HttpSession timeout
2026-04-09 11:52:53,677 INFO  [io.hawt.web.auth.LoginServlet] Logging in user: admin
2026-04-09 11:54:14,915 WARN  [org.apache.activemq.artemis.core.server] AMQ222092: Connection to the backup node failed, removing replication now
org.apache.activemq.artemis.api.core.ActiveMQRemoteDisconnectException: 
	at org.apache.activemq.artemis.core.remoting.server.impl.RemotingServiceImpl.connectionDestroyed(RemotingServiceImpl.java:783)
	at org.apache.activemq.artemis.core.remoting.impl.netty.NettyAcceptor$Listener.connectionDestroyed(NettyAcceptor.java:1032)
	at org.apache.activemq.artemis.core.remoting.impl.netty.ActiveMQChannelHandler.lambda$channelInactive$0(ActiveMQChannelHandler.java:89)
	at org.apache.activemq.artemis.utils.actors.OrderedExecutor.doTask(OrderedExecutor.java:59)
	at org.apache.activemq.artemis.utils.actors.OrderedExecutor.doTask(OrderedExecutor.java:32)
	at org.apache.activemq.artemis.utils.actors.ProcessorBase.executePendingTasks(ProcessorBase.java:69)
	at java.base/java.util.concurrent.ThreadPoolExecutor.runWorker(ThreadPoolExecutor.java:1136)
	at java.base/java.util.concurrent.ThreadPoolExecutor$Worker.run(ThreadPoolExecutor.java:635)
	at org.apache.activemq.artemis.utils.ActiveMQThreadFactory$1.run(ActiveMQThreadFactory.java:120)
2026-04-09 11:54:18,952 WARN  [org.apache.activemq.artemis.utils.actors.OrderedExecutor] Server locator is closed (maybe it was garbage collected)
java.lang.IllegalStateException: Server locator is closed (maybe it was garbage collected)
	at org.apache.activemq.artemis.core.client.impl.ServerLocatorImpl.assertOpen(ServerLocatorImpl.java:1913)
	at org.apache.activemq.artemis.core.client.impl.ServerLocatorImpl.createSessionFactory(ServerLocatorImpl.java:671)
	at org.apache.activemq.artemis.core.client.impl.ServerLocatorImpl.connect(ServerLocatorImpl.java:566)
	at org.apache.activemq.artemis.core.client.impl.ServerLocatorImpl.connect(ServerLocatorImpl.java:545)
	at org.apache.activemq.artemis.core.server.cluster.ClusterController$ConnectRunnable.run(ClusterController.java:478)
	at org.apache.activemq.artemis.utils.actors.OrderedExecutor.doTask(OrderedExecutor.java:59)
	at org.apache.activemq.artemis.utils.actors.OrderedExecutor.doTask(OrderedExecutor.java:32)
	at org.apache.activemq.artemis.utils.actors.ProcessorBase.executePendingTasks(ProcessorBase.java:69)
	at java.base/java.util.concurrent.ThreadPoolExecutor.runWorker(ThreadPoolExecutor.java:1136)
	at java.base/java.util.concurrent.ThreadPoolExecutor$Worker.run(ThreadPoolExecutor.java:635)
	at org.apache.activemq.artemis.utils.ActiveMQThreadFactory$1.run(ActiveMQThreadFactory.java:120)
2026-04-09 11:54:19,077 INFO  [org.apache.activemq.artemis] AMQ241005: Stopping embedded web server
2026-04-09 11:54:19,083 INFO  [io.hawt.HawtioContextListener] Destroying Hawtio services
2026-04-09 11:54:19,087 INFO  [org.apache.activemq.artemis] AMQ241006: Stopped embedded web server
2026-04-09 11:54:19,087 INFO  [org.apache.activemq.artemis.core.server] AMQ221002: Apache Artemis Message Broker version 2.53.0 [8559efd9-30df-11f1-8858-0a0027000007] stopped, uptime 2 minutes
2026-04-09 11:55:32,794 WARN  [org.apache.activemq.artemis.core.server] AMQ222018: AIO was not located on this platform, it will fall back to using pure Java NIO. If your platform is Linux, install LibAIO to enable the AIO journal
2026-04-09 11:55:32,805 WARN  [org.apache.activemq.artemis.core.server] AMQ222269: Please use a fixed value for "journal-pool-files". Default changed per https://issues.apache.org/jira/browse/ARTEMIS-1628
2026-04-09 11:55:33,023 INFO  [org.apache.activemq.artemis.integration.bootstrap] AMQ101000: Starting Apache Artemis Server version 2.53.0
2026-04-09 11:55:33,065 INFO  [org.apache.activemq.artemis.core.server] AMQ221000: Primary message broker is starting with configuration Broker Configuration (clustered=true,journalDirectory=data/journal,bindingsDirectory=data/bindings,largeMessagesDirectory=data/large-messages,pagingDirectory=data/paging)
2026-04-09 11:55:35,792 INFO  [org.apache.activemq.artemis.core.server] AMQ221013: Using NIO Journal
2026-04-09 11:55:35,827 WARN  [org.apache.activemq.artemis.core.server] AMQ222007: Security risk! Apache Artemis is running with the default cluster admin user and default password. Please see the cluster chapter in the Artemis User Guide for instructions on how to change this.
2026-04-09 11:55:35,898 INFO  [org.apache.activemq.artemis.core.server] AMQ221057: Global Max Size is being adjusted to 1/2 of the JVM max size (-Xmx). being defined as 1073741824
2026-04-09 11:55:35,994 INFO  [org.apache.activemq.artemis.core.server] AMQ221043: Protocol module found: [artemis-server]. Adding protocol support for: CORE
2026-04-09 11:55:35,996 INFO  [org.apache.activemq.artemis.core.server] AMQ221043: Protocol module found: [artemis-amqp-protocol]. Adding protocol support for: AMQP
2026-04-09 11:55:35,998 INFO  [org.apache.activemq.artemis.core.server] AMQ221043: Protocol module found: [artemis-hornetq-protocol]. Adding protocol support for: HORNETQ
2026-04-09 11:55:36,000 INFO  [org.apache.activemq.artemis.core.server] AMQ221043: Protocol module found: [artemis-mqtt-protocol]. Adding protocol support for: MQTT
2026-04-09 11:55:36,001 INFO  [org.apache.activemq.artemis.core.server] AMQ221043: Protocol module found: [artemis-openwire-protocol]. Adding protocol support for: OPENWIRE
2026-04-09 11:55:36,003 INFO  [org.apache.activemq.artemis.core.server] AMQ221043: Protocol module found: [artemis-stomp-protocol]. Adding protocol support for: STOMP
2026-04-09 11:55:36,540 WARN  [org.apache.activemq.artemis.core.server] AMQ222165: No Dead Letter Address configured for queue demo.queue in AddressSettings
2026-04-09 11:55:36,541 WARN  [org.apache.activemq.artemis.core.server] AMQ222166: No Expiry Address configured for queue demo.queue in AddressSettings
2026-04-09 11:55:36,692 INFO  [org.apache.activemq.artemis.core.server] AMQ221080: Deploying address demo.queue supporting [ANYCAST]
2026-04-09 11:55:36,693 INFO  [org.apache.activemq.artemis.core.server] AMQ221003: Deploying ANYCAST queue demo.queue on address demo.queue
2026-04-09 11:55:37,243 INFO  [org.apache.activemq.artemis.core.server] AMQ221020: Started NIO Acceptor at localhost:61616 for protocols [CORE,MQTT,AMQP,HORNETQ,STOMP,OPENWIRE]
2026-04-09 11:55:37,245 INFO  [org.apache.activemq.artemis.core.server] AMQ221007: Server is now active
2026-04-09 11:55:37,245 INFO  [org.apache.activemq.artemis.core.server] AMQ221001: Apache Artemis Message Broker version 2.53.0 [live-broker, nodeID=8559efd9-30df-11f1-8858-0a0027000007] 
2026-04-09 11:55:37,289 INFO  [org.apache.activemq.artemis] AMQ241003: Starting embedded web server
2026-04-09 11:55:39,310 INFO  [io.hawt.HawtioContextListener] Initialising Hawtio services
2026-04-09 11:55:39,321 INFO  [io.hawt.jmx.JmxTreeWatcher] Welcome to Hawtio 4.6.2
2026-04-09 11:55:39,339 INFO  [io.hawt.web.auth.AuthenticationConfiguration] Authentication throttling is enabled
2026-04-09 11:55:39,346 INFO  [io.hawt.web.auth.AuthenticationConfiguration] Starting Hawtio authentication filter, JAAS realm: "activemq" authorized role(s): amq, role principal class names: org.apache.activemq.artemis.spi.core.security.jaas.RolePrincipal
2026-04-09 11:55:39,348 INFO  [io.hawt.web.auth.AuthenticationConfiguration] Looking for OIDC configuration file in: C:\Users\vanma\IdeaProjects\orderflow-platform\messaging\artemis\broker-live\bin\..\etc/hawtio-oidc.properties
2026-04-09 11:55:39,511 INFO  [io.hawt.web.auth.ClientRouteRedirectFilter] Hawtio ClientRouteRedirectFilter is using 1800 sec. HttpSession timeout
2026-04-09 11:55:39,603 INFO  [org.apache.activemq.artemis] AMQ241001: HTTP Server started at http://localhost:8161
2026-04-09 11:55:39,604 INFO  [org.apache.activemq.artemis] AMQ241002: Artemis Jolokia REST API available at http://localhost:8161/console/jolokia
2026-04-09 11:55:39,605 INFO  [org.apache.activemq.artemis] AMQ241004: Artemis Console available at http://localhost:8161/console
2026-04-09 11:55:39,704 INFO  [org.apache.activemq.artemis.core.server] AMQ221025: Replication: sending NIOSequentialFile C:\Users\vanma\IdeaProjects\orderflow-platform\messaging\artemis\broker-live\data\journal\activemq-data-46.amq (size=10485760) to replica, origin=journal
2026-04-09 11:55:40,149 INFO  [org.apache.activemq.artemis.core.server] AMQ221025: Replication: sending NIOSequentialFile C:\Users\vanma\IdeaProjects\orderflow-platform\messaging\artemis\broker-live\data\bindings\activemq-bindings-66.bindings (size=1048576) to replica, origin=journal
2026-04-09 11:55:40,174 INFO  [org.apache.activemq.artemis.core.server] AMQ221025: Replication: sending NIOSequentialFile C:\Users\vanma\IdeaProjects\orderflow-platform\messaging\artemis\broker-live\data\bindings\activemq-bindings-67.bindings (size=1048576) to replica, origin=journal
2026-04-09 11:55:40,187 INFO  [org.apache.activemq.artemis.core.server] AMQ221025: Replication: sending NIOSequentialFile C:\Users\vanma\IdeaProjects\orderflow-platform\messaging\artemis\broker-live\data\bindings\activemq-bindings-65.bindings (size=1048576) to replica, origin=journal
2026-04-09 11:55:40,729 INFO  [io.hawt.web.proxy.ProxyServlet] Proxy servlet is disabled
2026-04-09 11:55:40,780 INFO  [io.hawt.web.auth.keycloak.KeycloakServlet] Keycloak integration is disabled
2026-04-09 11:55:40,781 INFO  [io.hawt.web.auth.AuthConfigurationServlet] OpenID Connection integration is disabled
2026-04-09 11:55:50,902 INFO  [io.hawt.web.auth.LoginServlet] Hawtio login is using 1800 sec. HttpSession timeout
2026-04-09 11:55:50,927 INFO  [io.hawt.web.auth.LoginServlet] Logging in user: admin
2026-04-09 11:58:04,050 WARN  [org.apache.activemq.artemis.core.server] AMQ222092: Connection to the backup node failed, removing replication now
org.apache.activemq.artemis.api.core.ActiveMQRemoteDisconnectException: 
	at org.apache.activemq.artemis.core.remoting.server.impl.RemotingServiceImpl.connectionDestroyed(RemotingServiceImpl.java:783)
	at org.apache.activemq.artemis.core.remoting.impl.netty.NettyAcceptor$Listener.connectionDestroyed(NettyAcceptor.java:1032)
	at org.apache.activemq.artemis.core.remoting.impl.netty.ActiveMQChannelHandler.lambda$channelInactive$0(ActiveMQChannelHandler.java:89)
	at org.apache.activemq.artemis.utils.actors.OrderedExecutor.doTask(OrderedExecutor.java:59)
	at org.apache.activemq.artemis.utils.actors.OrderedExecutor.doTask(OrderedExecutor.java:32)
	at org.apache.activemq.artemis.utils.actors.ProcessorBase.executePendingTasks(ProcessorBase.java:69)
	at java.base/java.util.concurrent.ThreadPoolExecutor.runWorker(ThreadPoolExecutor.java:1136)
	at java.base/java.util.concurrent.ThreadPoolExecutor$Worker.run(ThreadPoolExecutor.java:635)
	at org.apache.activemq.artemis.utils.ActiveMQThreadFactory$1.run(ActiveMQThreadFactory.java:120)
2026-04-09 11:58:08,126 WARN  [org.apache.activemq.artemis.utils.actors.OrderedExecutor] Server locator is closed (maybe it was garbage collected)
java.lang.IllegalStateException: Server locator is closed (maybe it was garbage collected)
	at org.apache.activemq.artemis.core.client.impl.ServerLocatorImpl.assertOpen(ServerLocatorImpl.java:1913)
	at org.apache.activemq.artemis.core.client.impl.ServerLocatorImpl.createSessionFactory(ServerLocatorImpl.java:671)
	at org.apache.activemq.artemis.core.client.impl.ServerLocatorImpl.connect(ServerLocatorImpl.java:566)
	at org.apache.activemq.artemis.core.client.impl.ServerLocatorImpl.connect(ServerLocatorImpl.java:545)
	at org.apache.activemq.artemis.core.server.cluster.ClusterController$ConnectRunnable.run(ClusterController.java:478)
	at org.apache.activemq.artemis.utils.actors.OrderedExecutor.doTask(OrderedExecutor.java:59)
	at org.apache.activemq.artemis.utils.actors.OrderedExecutor.doTask(OrderedExecutor.java:32)
	at org.apache.activemq.artemis.utils.actors.ProcessorBase.executePendingTasks(ProcessorBase.java:69)
	at java.base/java.util.concurrent.ThreadPoolExecutor.runWorker(ThreadPoolExecutor.java:1136)
	at java.base/java.util.concurrent.ThreadPoolExecutor$Worker.run(ThreadPoolExecutor.java:635)
	at org.apache.activemq.artemis.utils.ActiveMQThreadFactory$1.run(ActiveMQThreadFactory.java:120)
2026-04-09 11:58:08,247 INFO  [org.apache.activemq.artemis] AMQ241005: Stopping embedded web server
2026-04-09 11:58:08,255 INFO  [io.hawt.HawtioContextListener] Destroying Hawtio services
2026-04-09 11:58:08,259 INFO  [org.apache.activemq.artemis] AMQ241006: Stopped embedded web server
2026-04-09 11:58:08,260 INFO  [org.apache.activemq.artemis.core.server] AMQ221002: Apache Artemis Message Broker version 2.53.0 [8559efd9-30df-11f1-8858-0a0027000007] stopped, uptime 2 minutes
